{"meta": {"format": 3, "version": "7.13.1", "timestamp": "2026-01-02T19:40:08.656841", "branch_coverage": true, "show_contexts": false}, "files": {"YSimulator/YClient/LLM_interactions/__init__.py": {"executed_lines": [], "summary": {"covered_lines": 0, "num_statements": 0, "percent_covered": 100.0, "percent_covered_display": "100.00", "missing_lines": 0, "excluded_lines": 0, "percent_statements_covered": 100.0, "percent_statements_covered_display": "100.00", "num_branches": 0, "num_partial_branches": 0, "covered_branches": 0, "missing_branches": 0, "percent_branches_covered": 100.0, "percent_branches_covered_display": "100.00"}, "missing_lines": [], "excluded_lines": [], "executed_branches": [], "missing_branches": [], "functions": {"": {"executed_lines": [], "summary": {"covered_lines": 0, "num_statements": 0, "percent_covered": 100.0, "percent_covered_display": "100.00", "missing_lines": 0, "excluded_lines": 0, "percent_statements_covered": 100.0, "percent_statements_covered_display": "100.00", "num_branches": 0, "num_partial_branches": 0, "covered_branches": 0, "missing_branches": 0, "percent_branches_covered": 100.0, "percent_branches_covered_display": "100.00"}, "missing_lines": [], "excluded_lines": [], "start_line": 1, "executed_branches": [], "missing_branches": []}}, "classes": {"": {"executed_lines": [], "summary": {"covered_lines": 0, "num_statements": 0, "percent_covered": 100.0, "percent_covered_display": "100.00", "missing_lines": 0, "excluded_lines": 0, "percent_statements_covered": 100.0, "percent_statements_covered_display": "100.00", "num_branches": 0, "num_partial_branches": 0, "covered_branches": 0, "missing_branches": 0, "percent_branches_covered": 100.0, "percent_branches_covered_display": "100.00"}, "missing_lines": [], "excluded_lines": [], "start_line": 1, "executed_branches": [], "missing_branches": []}}}, "YSimulator/YClient/LLM_interactions/llm_service.py": {"executed_lines": [1, 2, 4, 5, 6, 7, 10, 13, 20, 21, 22, 79, 117, 153, 173, 221, 312, 387, 414, 504, 537, 591, 635, 691, 771, 836], "summary": {"covered_lines": 26, "num_statements": 358, "percent_covered": 5.2631578947368425, "percent_covered_display": "5.26", "missing_lines": 332, "excluded_lines": 0, "percent_statements_covered": 7.262569832402234, "percent_statements_covered_display": "7.26", "num_branches": 136, "num_partial_branches": 0, "covered_branches": 0, "missing_branches": 136, "percent_branches_covered": 0.0, "percent_branches_covered_display": "0.00"}, "missing_lines": [29, 30, 37, 38, 59, 62, 65, 70, 71, 72, 73, 92, 93, 94, 96, 109, 110, 112, 115, 120, 123, 126, 129, 132, 133, 136, 139, 140, 141, 142, 144, 147, 149, 150, 151, 156, 157, 160, 161, 163, 164, 165, 167, 168, 169, 170, 171, 185, 186, 189, 190, 193, 194, 197, 198, 201, 202, 204, 207, 208, 209, 212, 213, 215, 216, 218, 219, 246, 249, 252, 253, 254, 255, 257, 258, 259, 260, 261, 263, 264, 265, 268, 269, 272, 273, 274, 275, 276, 277, 278, 279, 280, 281, 286, 287, 294, 295, 297, 299, 300, 301, 304, 305, 307, 308, 310, 329, 332, 333, 334, 335, 337, 338, 339, 340, 341, 343, 344, 345, 350, 351, 354, 355, 358, 359, 361, 363, 364, 365, 368, 369, 370, 371, 372, 373, 374, 375, 376, 377, 378, 379, 382, 383, 385, 401, 402, 405, 406, 409, 410, 412, 432, 435, 436, 437, 438, 440, 441, 442, 443, 444, 446, 447, 448, 451, 452, 453, 456, 458, 460, 461, 464, 467, 468, 471, 472, 474, 476, 477, 478, 481, 482, 483, 484, 485, 486, 487, 488, 489, 490, 491, 492, 493, 494, 495, 496, 499, 500, 502, 522, 523, 524, 526, 528, 529, 532, 533, 535, 549, 556, 557, 560, 563, 565, 566, 568, 571, 572, 574, 575, 577, 579, 582, 583, 586, 587, 589, 605, 609, 615, 618, 621, 623, 624, 626, 628, 629, 630, 631, 633, 649, 650, 651, 654, 657, 660, 665, 666, 669, 671, 672, 673, 674, 676, 677, 678, 679, 681, 682, 683, 685, 686, 688, 689, 709, 711, 712, 716, 725, 728, 733, 737, 738, 747, 748, 749, 750, 751, 752, 754, 756, 757, 758, 761, 763, 765, 767, 769, 793, 796, 797, 798, 799, 800, 803, 804, 805, 806, 809, 810, 813, 819, 820, 825, 827, 828, 829, 830, 831, 833, 834, 861, 868, 869, 870, 871, 873, 879, 884, 888, 889, 890, 893, 894, 895, 896, 897, 898, 901, 902, 903, 904], "excluded_lines": [], "executed_branches": [], "missing_branches": [[29, 30], [29, 37], [37, 38], [37, 59], [71, -22], [71, 72], [92, 93], [92, 115], [139, 140], [139, 141], [141, 142], [141, 144], [167, 168], [167, 169], [169, 170], [169, 171], [189, 190], [189, 193], [193, 194], [193, 197], [212, 213], [212, 215], [253, 254], [253, 268], [257, 258], [257, 268], [259, 260], [259, 263], [260, 259], [260, 261], [263, 264], [263, 268], [274, 275], [274, 286], [276, 277], [276, 280], [294, 295], [294, 297], [304, 305], [304, 307], [333, 334], [333, 350], [337, 338], [337, 350], [339, 340], [339, 343], [340, 339], [340, 341], [343, 344], [343, 350], [358, 359], [358, 361], [368, 369], [368, 370], [370, 371], [370, 372], [372, 373], [372, 374], [374, 375], [374, 376], [376, 377], [376, 378], [378, 379], [378, 382], [401, 402], [401, 405], [409, 410], [409, 412], [436, 437], [436, 451], [440, 441], [440, 451], [442, 443], [442, 446], [443, 442], [443, 444], [446, 447], [446, 451], [456, 458], [456, 467], [471, 472], [471, 474], [481, 482], [481, 483], [483, 484], [483, 485], [485, 486], [485, 487], [487, 488], [487, 489], [489, 490], [489, 491], [491, 492], [491, 493], [493, 494], [493, 495], [495, 496], [495, 499], [526, 528], [526, 532], [528, 529], [528, 535], [532, 533], [532, 535], [572, 574], [572, 586], [575, 572], [575, 577], [582, 572], [582, 583], [649, 650], [649, 654], [676, 677], [676, 681], [749, 750], [749, 754], [750, 749], [750, 751], [754, 756], [754, 761], [797, 798], [797, 803], [799, 800], [799, 803], [804, 805], [804, 809], [868, 869], [868, 873], [870, 871], [870, 873], [893, 894], [893, 895], [895, 896], [895, 897], [897, 898], [897, 901]], "functions": {"LLMService.__init__": {"executed_lines": [], "summary": {"covered_lines": 0, "num_statements": 11, "percent_covered": 0.0, "percent_covered_display": "0.00", "missing_lines": 11, "excluded_lines": 0, "percent_statements_covered": 0.0, "percent_statements_covered_display": "0.00", "num_branches": 6, "num_partial_branches": 0, "covered_branches": 0, "missing_branches": 6, "percent_branches_covered": 0.0, "percent_branches_covered_display": "0.00"}, "missing_lines": [29, 30, 37, 38, 59, 62, 65, 70, 71, 72, 73], "excluded_lines": [], "start_line": 22, "executed_branches": [], "missing_branches": [[29, 30], [29, 37], [37, 38], [37, 59], [71, -22], [71, 72]]}, "LLMService._build_persona": {"executed_lines": [], "summary": {"covered_lines": 0, "num_statements": 8, "percent_covered": 0.0, "percent_covered_display": "0.00", "missing_lines": 8, "excluded_lines": 0, "percent_statements_covered": 0.0, "percent_statements_covered_display": "0.00", "num_branches": 2, "num_partial_branches": 0, "covered_branches": 0, "missing_branches": 2, "percent_branches_covered": 0.0, "percent_branches_covered_display": "0.00"}, "missing_lines": [92, 93, 94, 96, 109, 110, 112, 115], "excluded_lines": [], "start_line": 79, "executed_branches": [], "missing_branches": [[92, 93], [92, 115]]}, "LLMService.generate_post": {"executed_lines": [], "summary": {"covered_lines": 0, "num_statements": 16, "percent_covered": 0.0, "percent_covered_display": "0.00", "missing_lines": 16, "excluded_lines": 0, "percent_statements_covered": 0.0, "percent_statements_covered_display": "0.00", "num_branches": 4, "num_partial_branches": 0, "covered_branches": 0, "missing_branches": 4, "percent_branches_covered": 0.0, "percent_branches_covered_display": "0.00"}, "missing_lines": [120, 123, 126, 129, 132, 133, 136, 139, 140, 141, 142, 144, 147, 149, 150, 151], "excluded_lines": [], "start_line": 117, "executed_branches": [], "missing_branches": [[139, 140], [139, 141], [141, 142], [141, 144]]}, "LLMService.decide_reaction": {"executed_lines": [], "summary": {"covered_lines": 0, "num_statements": 12, "percent_covered": 0.0, "percent_covered_display": "0.00", "missing_lines": 12, "excluded_lines": 0, "percent_statements_covered": 0.0, "percent_statements_covered_display": "0.00", "num_branches": 4, "num_partial_branches": 0, "covered_branches": 0, "missing_branches": 4, "percent_branches_covered": 0.0, "percent_branches_covered_display": "0.00"}, "missing_lines": [156, 157, 160, 161, 163, 164, 165, 167, 168, 169, 170, 171], "excluded_lines": [], "start_line": 153, "executed_branches": [], "missing_branches": [[167, 168], [167, 169], [169, 170], [169, 171]]}, "LLMService.generate_news_commentary": {"executed_lines": [], "summary": {"covered_lines": 0, "num_statements": 20, "percent_covered": 0.0, "percent_covered_display": "0.00", "missing_lines": 20, "excluded_lines": 0, "percent_statements_covered": 0.0, "percent_statements_covered_display": "0.00", "num_branches": 6, "num_partial_branches": 0, "covered_branches": 0, "missing_branches": 6, "percent_branches_covered": 0.0, "percent_branches_covered_display": "0.00"}, "missing_lines": [185, 186, 189, 190, 193, 194, 197, 198, 201, 202, 204, 207, 208, 209, 212, 213, 215, 216, 218, 219], "excluded_lines": [], "start_line": 173, "executed_branches": [], "missing_branches": [[189, 190], [189, 193], [193, 194], [193, 197], [212, 213], [212, 215]]}, "LLMService.generate_comment": {"executed_lines": [], "summary": {"covered_lines": 0, "num_statements": 39, "percent_covered": 0.0, "percent_covered_display": "0.00", "missing_lines": 39, "excluded_lines": 0, "percent_statements_covered": 0.0, "percent_statements_covered_display": "0.00", "num_branches": 18, "num_partial_branches": 0, "covered_branches": 0, "missing_branches": 18, "percent_branches_covered": 0.0, "percent_branches_covered_display": "0.00"}, "missing_lines": [246, 249, 252, 253, 254, 255, 257, 258, 259, 260, 261, 263, 264, 265, 268, 269, 272, 273, 274, 275, 276, 277, 278, 279, 280, 281, 286, 287, 294, 295, 297, 299, 300, 301, 304, 305, 307, 308, 310], "excluded_lines": [], "start_line": 221, "executed_branches": [], "missing_branches": [[253, 254], [253, 268], [257, 258], [257, 268], [259, 260], [259, 263], [260, 259], [260, 261], [263, 264], [263, 268], [274, 275], [274, 286], [276, 277], [276, 280], [294, 295], [294, 297], [304, 305], [304, 307]]}, "LLMService.generate_read_reaction": {"executed_lines": [], "summary": {"covered_lines": 0, "num_statements": 38, "percent_covered": 0.0, "percent_covered_display": "0.00", "missing_lines": 38, "excluded_lines": 0, "percent_statements_covered": 0.0, "percent_statements_covered_display": "0.00", "num_branches": 24, "num_partial_branches": 0, "covered_branches": 0, "missing_branches": 24, "percent_branches_covered": 0.0, "percent_branches_covered_display": "0.00"}, "missing_lines": [329, 332, 333, 334, 335, 337, 338, 339, 340, 341, 343, 344, 345, 350, 351, 354, 355, 358, 359, 361, 363, 364, 365, 368, 369, 370, 371, 372, 373, 374, 375, 376, 377, 378, 379, 382, 383, 385], "excluded_lines": [], "start_line": 312, "executed_branches": [], "missing_branches": [[333, 334], [333, 350], [337, 338], [337, 350], [339, 340], [339, 343], [340, 339], [340, 341], [343, 344], [343, 350], [358, 359], [358, 361], [368, 369], [368, 370], [370, 371], [370, 372], [372, 373], [372, 374], [374, 375], [374, 376], [376, 377], [376, 378], [378, 379], [378, 382]]}, "LLMService.generate_follow_decision": {"executed_lines": [], "summary": {"covered_lines": 0, "num_statements": 7, "percent_covered": 0.0, "percent_covered_display": "0.00", "missing_lines": 7, "excluded_lines": 0, "percent_statements_covered": 0.0, "percent_statements_covered_display": "0.00", "num_branches": 4, "num_partial_branches": 0, "covered_branches": 0, "missing_branches": 4, "percent_branches_covered": 0.0, "percent_branches_covered_display": "0.00"}, "missing_lines": [401, 402, 405, 406, 409, 410, 412], "excluded_lines": [], "start_line": 387, "executed_branches": [], "missing_branches": [[401, 402], [401, 405], [409, 410], [409, 412]]}, "LLMService.decide_search_action": {"executed_lines": [], "summary": {"covered_lines": 0, "num_statements": 48, "percent_covered": 0.0, "percent_covered_display": "0.00", "missing_lines": 48, "excluded_lines": 0, "percent_statements_covered": 0.0, "percent_statements_covered_display": "0.00", "num_branches": 30, "num_partial_branches": 0, "covered_branches": 0, "missing_branches": 30, "percent_branches_covered": 0.0, "percent_branches_covered_display": "0.00"}, "missing_lines": [432, 435, 436, 437, 438, 440, 441, 442, 443, 444, 446, 447, 448, 451, 452, 453, 456, 458, 460, 461, 464, 467, 468, 471, 472, 474, 476, 477, 478, 481, 482, 483, 484, 485, 486, 487, 488, 489, 490, 491, 492, 493, 494, 495, 496, 499, 500, 502], "excluded_lines": [], "start_line": 414, "executed_branches": [], "missing_branches": [[436, 437], [436, 451], [440, 441], [440, 451], [442, 443], [442, 446], [443, 442], [443, 444], [446, 447], [446, 451], [456, 458], [456, 467], [471, 472], [471, 474], [481, 482], [481, 483], [483, 484], [483, 485], [485, 486], [485, 487], [487, 488], [487, 489], [489, 490], [489, 491], [491, 492], [491, 493], [493, 494], [493, 495], [495, 496], [495, 499]]}, "LLMService.generate_secondary_follow_decision": {"executed_lines": [], "summary": {"covered_lines": 0, "num_statements": 9, "percent_covered": 0.0, "percent_covered_display": "0.00", "missing_lines": 9, "excluded_lines": 0, "percent_statements_covered": 0.0, "percent_statements_covered_display": "0.00", "num_branches": 6, "num_partial_branches": 0, "covered_branches": 0, "missing_branches": 6, "percent_branches_covered": 0.0, "percent_branches_covered_display": "0.00"}, "missing_lines": [522, 523, 524, 526, 528, 529, 532, 533, 535], "excluded_lines": [], "start_line": 504, "executed_branches": [], "missing_branches": [[526, 528], [526, 532], [528, 529], [528, 535], [532, 533], [532, 535]]}, "LLMService.extract_topics_from_article": {"executed_lines": [], "summary": {"covered_lines": 0, "num_statements": 19, "percent_covered": 0.0, "percent_covered_display": "0.00", "missing_lines": 19, "excluded_lines": 0, "percent_statements_covered": 0.0, "percent_statements_covered_display": "0.00", "num_branches": 6, "num_partial_branches": 0, "covered_branches": 0, "missing_branches": 6, "percent_branches_covered": 0.0, "percent_branches_covered_display": "0.00"}, "missing_lines": [549, 556, 557, 560, 563, 565, 566, 568, 571, 572, 574, 575, 577, 579, 582, 583, 586, 587, 589], "excluded_lines": [], "start_line": 537, "executed_branches": [], "missing_branches": [[572, 574], [572, 586], [575, 572], [575, 577], [582, 572], [582, 583]]}, "LLMService.extract_emotions": {"executed_lines": [], "summary": {"covered_lines": 0, "num_statements": 13, "percent_covered": 0.0, "percent_covered_display": "0.00", "missing_lines": 13, "excluded_lines": 0, "percent_statements_covered": 0.0, "percent_statements_covered_display": "0.00", "num_branches": 0, "num_partial_branches": 0, "covered_branches": 0, "missing_branches": 0, "percent_branches_covered": 100.0, "percent_branches_covered_display": "100.00"}, "missing_lines": [605, 609, 615, 618, 621, 623, 624, 626, 628, 629, 630, 631, 633], "excluded_lines": [], "start_line": 591, "executed_branches": [], "missing_branches": []}, "LLMService.describe_image": {"executed_lines": [], "summary": {"covered_lines": 0, "num_statements": 24, "percent_covered": 0.0, "percent_covered_display": "0.00", "missing_lines": 24, "excluded_lines": 0, "percent_statements_covered": 0.0, "percent_statements_covered_display": "0.00", "num_branches": 4, "num_partial_branches": 0, "covered_branches": 0, "missing_branches": 4, "percent_branches_covered": 0.0, "percent_branches_covered_display": "0.00"}, "missing_lines": [649, 650, 651, 654, 657, 660, 665, 666, 669, 671, 672, 673, 674, 676, 677, 678, 679, 681, 682, 683, 685, 686, 688, 689], "excluded_lines": [], "start_line": 635, "executed_branches": [], "missing_branches": [[649, 650], [649, 654], [676, 677], [676, 681]]}, "LLMService.infer_article_opinion": {"executed_lines": [], "summary": {"covered_lines": 0, "num_statements": 24, "percent_covered": 0.0, "percent_covered_display": "0.00", "missing_lines": 24, "excluded_lines": 0, "percent_statements_covered": 0.0, "percent_statements_covered_display": "0.00", "num_branches": 6, "num_partial_branches": 0, "covered_branches": 0, "missing_branches": 6, "percent_branches_covered": 0.0, "percent_branches_covered_display": "0.00"}, "missing_lines": [709, 711, 712, 716, 725, 728, 733, 737, 738, 747, 748, 749, 750, 751, 752, 754, 756, 757, 758, 761, 763, 765, 767, 769], "excluded_lines": [], "start_line": 691, "executed_branches": [], "missing_branches": [[749, 750], [749, 754], [750, 749], [750, 751], [754, 756], [754, 761]]}, "LLMService.generate_image_commentary": {"executed_lines": [], "summary": {"covered_lines": 0, "num_statements": 23, "percent_covered": 0.0, "percent_covered_display": "0.00", "missing_lines": 23, "excluded_lines": 0, "percent_statements_covered": 0.0, "percent_statements_covered_display": "0.00", "num_branches": 6, "num_partial_branches": 0, "covered_branches": 0, "missing_branches": 6, "percent_branches_covered": 0.0, "percent_branches_covered_display": "0.00"}, "missing_lines": [793, 796, 797, 798, 799, 800, 803, 804, 805, 806, 809, 810, 813, 819, 820, 825, 827, 828, 829, 830, 831, 833, 834], "excluded_lines": [], "start_line": 771, "executed_branches": [], "missing_branches": [[797, 798], [797, 803], [799, 800], [799, 803], [804, 805], [804, 809]]}, "LLMService.evaluate_opinion": {"executed_lines": [], "summary": {"covered_lines": 0, "num_statements": 21, "percent_covered": 0.0, "percent_covered_display": "0.00", "missing_lines": 21, "excluded_lines": 0, "percent_statements_covered": 0.0, "percent_statements_covered_display": "0.00", "num_branches": 10, "num_partial_branches": 0, "covered_branches": 0, "missing_branches": 10, "percent_branches_covered": 0.0, "percent_branches_covered_display": "0.00"}, "missing_lines": [861, 868, 869, 870, 871, 873, 879, 884, 888, 889, 890, 893, 894, 895, 896, 897, 898, 901, 902, 903, 904], "excluded_lines": [], "start_line": 836, "executed_branches": [], "missing_branches": [[868, 869], [868, 873], [870, 871], [870, 873], [893, 894], [893, 895], [895, 896], [895, 897], [897, 898], [897, 901]]}, "": {"executed_lines": [1, 2, 4, 5, 6, 7, 10, 13, 20, 21, 22, 79, 117, 153, 173, 221, 312, 387, 414, 504, 537, 591, 635, 691, 771, 836], "summary": {"covered_lines": 26, "num_statements": 26, "percent_covered": 100.0, "percent_covered_display": "100.00", "missing_lines": 0, "excluded_lines": 0, "percent_statements_covered": 100.0, "percent_statements_covered_display": "100.00", "num_branches": 0, "num_partial_branches": 0, "covered_branches": 0, "missing_branches": 0, "percent_branches_covered": 100.0, "percent_branches_covered_display": "100.00"}, "missing_lines": [], "excluded_lines": [], "start_line": 1, "executed_branches": [], "missing_branches": []}}, "classes": {"LLMService": {"executed_lines": [], "summary": {"covered_lines": 0, "num_statements": 332, "percent_covered": 0.0, "percent_covered_display": "0.00", "missing_lines": 332, "excluded_lines": 0, "percent_statements_covered": 0.0, "percent_statements_covered_display": "0.00", "num_branches": 136, "num_partial_branches": 0, "covered_branches": 0, "missing_branches": 136, "percent_branches_covered": 0.0, "percent_branches_covered_display": "0.00"}, "missing_lines": [29, 30, 37, 38, 59, 62, 65, 70, 71, 72, 73, 92, 93, 94, 96, 109, 110, 112, 115, 120, 123, 126, 129, 132, 133, 136, 139, 140, 141, 142, 144, 147, 149, 150, 151, 156, 157, 160, 161, 163, 164, 165, 167, 168, 169, 170, 171, 185, 186, 189, 190, 193, 194, 197, 198, 201, 202, 204, 207, 208, 209, 212, 213, 215, 216, 218, 219, 246, 249, 252, 253, 254, 255, 257, 258, 259, 260, 261, 263, 264, 265, 268, 269, 272, 273, 274, 275, 276, 277, 278, 279, 280, 281, 286, 287, 294, 295, 297, 299, 300, 301, 304, 305, 307, 308, 310, 329, 332, 333, 334, 335, 337, 338, 339, 340, 341, 343, 344, 345, 350, 351, 354, 355, 358, 359, 361, 363, 364, 365, 368, 369, 370, 371, 372, 373, 374, 375, 376, 377, 378, 379, 382, 383, 385, 401, 402, 405, 406, 409, 410, 412, 432, 435, 436, 437, 438, 440, 441, 442, 443, 444, 446, 447, 448, 451, 452, 453, 456, 458, 460, 461, 464, 467, 468, 471, 472, 474, 476, 477, 478, 481, 482, 483, 484, 485, 486, 487, 488, 489, 490, 491, 492, 493, 494, 495, 496, 499, 500, 502, 522, 523, 524, 526, 528, 529, 532, 533, 535, 549, 556, 557, 560, 563, 565, 566, 568, 571, 572, 574, 575, 577, 579, 582, 583, 586, 587, 589, 605, 609, 615, 618, 621, 623, 624, 626, 628, 629, 630, 631, 633, 649, 650, 651, 654, 657, 660, 665, 666, 669, 671, 672, 673, 674, 676, 677, 678, 679, 681, 682, 683, 685, 686, 688, 689, 709, 711, 712, 716, 725, 728, 733, 737, 738, 747, 748, 749, 750, 751, 752, 754, 756, 757, 758, 761, 763, 765, 767, 769, 793, 796, 797, 798, 799, 800, 803, 804, 805, 806, 809, 810, 813, 819, 820, 825, 827, 828, 829, 830, 831, 833, 834, 861, 868, 869, 870, 871, 873, 879, 884, 888, 889, 890, 893, 894, 895, 896, 897, 898, 901, 902, 903, 904], "excluded_lines": [], "start_line": 21, "executed_branches": [], "missing_branches": [[29, 30], [29, 37], [37, 38], [37, 59], [71, -22], [71, 72], [92, 93], [92, 115], [139, 140], [139, 141], [141, 142], [141, 144], [167, 168], [167, 169], [169, 170], [169, 171], [189, 190], [189, 193], [193, 194], [193, 197], [212, 213], [212, 215], [253, 254], [253, 268], [257, 258], [257, 268], [259, 260], [259, 263], [260, 259], [260, 261], [263, 264], [263, 268], [274, 275], [274, 286], [276, 277], [276, 280], [294, 295], [294, 297], [304, 305], [304, 307], [333, 334], [333, 350], [337, 338], [337, 350], [339, 340], [339, 343], [340, 339], [340, 341], [343, 344], [343, 350], [358, 359], [358, 361], [368, 369], [368, 370], [370, 371], [370, 372], [372, 373], [372, 374], [374, 375], [374, 376], [376, 377], [376, 378], [378, 379], [378, 382], [401, 402], [401, 405], [409, 410], [409, 412], [436, 437], [436, 451], [440, 441], [440, 451], [442, 443], [442, 446], [443, 442], [443, 444], [446, 447], [446, 451], [456, 458], [456, 467], [471, 472], [471, 474], [481, 482], [481, 483], [483, 484], [483, 485], [485, 486], [485, 487], [487, 488], [487, 489], [489, 490], [489, 491], [491, 492], [491, 493], [493, 494], [493, 495], [495, 496], [495, 499], [526, 528], [526, 532], [528, 529], [528, 535], [532, 533], [532, 535], [572, 574], [572, 586], [575, 572], [575, 577], [582, 572], [582, 583], [649, 650], [649, 654], [676, 677], [676, 681], [749, 750], [749, 754], [750, 749], [750, 751], [754, 756], [754, 761], [797, 798], [797, 803], [799, 800], [799, 803], [804, 805], [804, 809], [868, 869], [868, 873], [870, 871], [870, 873], [893, 894], [893, 895], [895, 896], [895, 897], [897, 898], [897, 901]]}, "": {"executed_lines": [1, 2, 4, 5, 6, 7, 10, 13, 20, 21, 22, 79, 117, 153, 173, 221, 312, 387, 414, 504, 537, 591, 635, 691, 771, 836], "summary": {"covered_lines": 26, "num_statements": 26, "percent_covered": 100.0, "percent_covered_display": "100.00", "missing_lines": 0, "excluded_lines": 0, "percent_statements_covered": 100.0, "percent_statements_covered_display": "100.00", "num_branches": 0, "num_partial_branches": 0, "covered_branches": 0, "missing_branches": 0, "percent_branches_covered": 100.0, "percent_branches_covered_display": "100.00"}, "missing_lines": [], "excluded_lines": [], "start_line": 1, "executed_branches": [], "missing_branches": []}}}, "YSimulator/YClient/__init__.py": {"executed_lines": [], "summary": {"covered_lines": 0, "num_statements": 0, "percent_covered": 100.0, "percent_covered_display": "100.00", "missing_lines": 0, "excluded_lines": 0, "percent_statements_covered": 100.0, "percent_statements_covered_display": "100.00", "num_branches": 0, "num_partial_branches": 0, "covered_branches": 0, "missing_branches": 0, "percent_branches_covered": 100.0, "percent_branches_covered_display": "100.00"}, "missing_lines": [], "excluded_lines": [], "executed_branches": [], "missing_branches": [], "functions": {"": {"executed_lines": [], "summary": {"covered_lines": 0, "num_statements": 0, "percent_covered": 100.0, "percent_covered_display": "100.00", "missing_lines": 0, "excluded_lines": 0, "percent_statements_covered": 100.0, "percent_statements_covered_display": "100.00", "num_branches": 0, "num_partial_branches": 0, "covered_branches": 0, "missing_branches": 0, "percent_branches_covered": 100.0, "percent_branches_covered_display": "100.00"}, "missing_lines": [], "excluded_lines": [], "start_line": 1, "executed_branches": [], "missing_branches": []}}, "classes": {"": {"executed_lines": [], "summary": {"covered_lines": 0, "num_statements": 0, "percent_covered": 100.0, "percent_covered_display": "100.00", "missing_lines": 0, "excluded_lines": 0, "percent_statements_covered": 100.0, "percent_statements_covered_display": "100.00", "num_branches": 0, "num_partial_branches": 0, "covered_branches": 0, "missing_branches": 0, "percent_branches_covered": 100.0, "percent_branches_covered_display": "100.00"}, "missing_lines": [], "excluded_lines": [], "start_line": 1, "executed_branches": [], "missing_branches": []}}}, "YSimulator/YClient/actions/__init__.py": {"executed_lines": [9, 20, 32], "summary": {"covered_lines": 3, "num_statements": 3, "percent_covered": 100.0, "percent_covered_display": "100.00", "missing_lines": 0, "excluded_lines": 0, "percent_statements_covered": 100.0, "percent_statements_covered_display": "100.00", "num_branches": 0, "num_partial_branches": 0, "covered_branches": 0, "missing_branches": 0, "percent_branches_covered": 100.0, "percent_branches_covered_display": "100.00"}, "missing_lines": [], "excluded_lines": [], "executed_branches": [], "missing_branches": [], "functions": {"": {"executed_lines": [9, 20, 32], "summary": {"covered_lines": 3, "num_statements": 3, "percent_covered": 100.0, "percent_covered_display": "100.00", "missing_lines": 0, "excluded_lines": 0, "percent_statements_covered": 100.0, "percent_statements_covered_display": "100.00", "num_branches": 0, "num_partial_branches": 0, "covered_branches": 0, "missing_branches": 0, "percent_branches_covered": 100.0, "percent_branches_covered_display": "100.00"}, "missing_lines": [], "excluded_lines": [], "start_line": 1, "executed_branches": [], "missing_branches": []}}, "classes": {"": {"executed_lines": [9, 20, 32], "summary": {"covered_lines": 3, "num_statements": 3, "percent_covered": 100.0, "percent_covered_display": "100.00", "missing_lines": 0, "excluded_lines": 0, "percent_statements_covered": 100.0, "percent_statements_covered_display": "100.00", "num_branches": 0, "num_partial_branches": 0, "covered_branches": 0, "missing_branches": 0, "percent_branches_covered": 100.0, "percent_branches_covered_display": "100.00"}, "missing_lines": [], "excluded_lines": [], "start_line": 1, "executed_branches": [], "missing_branches": []}}}, "YSimulator/YClient/actions/llm_actions.py": {"executed_lines": [12, 14, 17, 63, 66, 110, 113, 134, 135, 138, 142, 145, 183, 186, 214, 217, 259, 262, 305, 310, 311, 338, 371, 372, 375, 379], "summary": {"covered_lines": 26, "num_statements": 33, "percent_covered": 78.78787878787878, "percent_covered_display": "78.79", "missing_lines": 7, "excluded_lines": 0, "percent_statements_covered": 78.78787878787878, "percent_statements_covered_display": "78.79", "num_branches": 0, "num_partial_branches": 0, "covered_branches": 0, "missing_branches": 0, "percent_branches_covered": 100.0, "percent_branches_covered_display": "100.00"}, "missing_lines": [328, 329, 330, 331, 333, 334, 335], "excluded_lines": [], "executed_branches": [], "missing_branches": [], "functions": {"generate_llm_post_async": {"executed_lines": [63], "summary": {"covered_lines": 1, "num_statements": 1, "percent_covered": 100.0, "percent_covered_display": "100.00", "missing_lines": 0, "excluded_lines": 0, "percent_statements_covered": 100.0, "percent_statements_covered_display": "100.00", "num_branches": 0, "num_partial_branches": 0, "covered_branches": 0, "missing_branches": 0, "percent_branches_covered": 100.0, "percent_branches_covered_display": "100.00"}, "missing_lines": [], "excluded_lines": [], "start_line": 17, "executed_branches": [], "missing_branches": []}, "generate_llm_reaction_async": {"executed_lines": [110], "summary": {"covered_lines": 1, "num_statements": 1, "percent_covered": 100.0, "percent_covered_display": "100.00", "missing_lines": 0, "excluded_lines": 0, "percent_statements_covered": 100.0, "percent_statements_covered_display": "100.00", "num_branches": 0, "num_partial_branches": 0, "covered_branches": 0, "missing_branches": 0, "percent_branches_covered": 100.0, "percent_branches_covered_display": "100.00"}, "missing_lines": [], "excluded_lines": [], "start_line": 66, "executed_branches": [], "missing_branches": []}, "generate_news_post_async": {"executed_lines": [134, 135, 138, 142], "summary": {"covered_lines": 4, "num_statements": 4, "percent_covered": 100.0, "percent_covered_display": "100.00", "missing_lines": 0, "excluded_lines": 0, "percent_statements_covered": 100.0, "percent_statements_covered_display": "100.00", "num_branches": 0, "num_partial_branches": 0, "covered_branches": 0, "missing_branches": 0, "percent_branches_covered": 100.0, "percent_branches_covered_display": "100.00"}, "missing_lines": [], "excluded_lines": [], "start_line": 113, "executed_branches": [], "missing_branches": []}, "generate_llm_read_async": {"executed_lines": [183], "summary": {"covered_lines": 1, "num_statements": 1, "percent_covered": 100.0, "percent_covered_display": "100.00", "missing_lines": 0, "excluded_lines": 0, "percent_statements_covered": 100.0, "percent_statements_covered_display": "100.00", "num_branches": 0, "num_partial_branches": 0, "covered_branches": 0, "missing_branches": 0, "percent_branches_covered": 100.0, "percent_branches_covered_display": "100.00"}, "missing_lines": [], "excluded_lines": [], "start_line": 145, "executed_branches": [], "missing_branches": []}, "generate_llm_follow_async": {"executed_lines": [214], "summary": {"covered_lines": 1, "num_statements": 1, "percent_covered": 100.0, "percent_covered_display": "100.00", "missing_lines": 0, "excluded_lines": 0, "percent_statements_covered": 100.0, "percent_statements_covered_display": "100.00", "num_branches": 0, "num_partial_branches": 0, "covered_branches": 0, "missing_branches": 0, "percent_branches_covered": 100.0, "percent_branches_covered_display": "100.00"}, "missing_lines": [], "excluded_lines": [], "start_line": 186, "executed_branches": [], "missing_branches": []}, "generate_llm_search_action_async": {"executed_lines": [259], "summary": {"covered_lines": 1, "num_statements": 1, "percent_covered": 100.0, "percent_covered_display": "100.00", "missing_lines": 0, "excluded_lines": 0, "percent_statements_covered": 100.0, "percent_statements_covered_display": "100.00", "num_branches": 0, "num_partial_branches": 0, "covered_branches": 0, "missing_branches": 0, "percent_branches_covered": 100.0, "percent_branches_covered_display": "100.00"}, "missing_lines": [], "excluded_lines": [], "start_line": 217, "executed_branches": [], "missing_branches": []}, "generate_llm_reply_to_mention_async": {"executed_lines": [305], "summary": {"covered_lines": 1, "num_statements": 1, "percent_covered": 100.0, "percent_covered_display": "100.00", "missing_lines": 0, "excluded_lines": 0, "percent_statements_covered": 100.0, "percent_statements_covered_display": "100.00", "num_branches": 0, "num_partial_branches": 0, "covered_branches": 0, "missing_branches": 0, "percent_branches_covered": 100.0, "percent_branches_covered_display": "100.00"}, "missing_lines": [], "excluded_lines": [], "start_line": 262, "executed_branches": [], "missing_branches": []}, "generate_llm_news_commentary": {"executed_lines": [], "summary": {"covered_lines": 0, "num_statements": 7, "percent_covered": 0.0, "percent_covered_display": "0.00", "missing_lines": 7, "excluded_lines": 0, "percent_statements_covered": 0.0, "percent_statements_covered_display": "0.00", "num_branches": 0, "num_partial_branches": 0, "covered_branches": 0, "missing_branches": 0, "percent_branches_covered": 100.0, "percent_branches_covered_display": "100.00"}, "missing_lines": [328, 329, 330, 331, 333, 334, 335], "excluded_lines": [], "start_line": 311, "executed_branches": [], "missing_branches": []}, "generate_image_post_async": {"executed_lines": [371, 372, 375, 379], "summary": {"covered_lines": 4, "num_statements": 4, "percent_covered": 100.0, "percent_covered_display": "100.00", "missing_lines": 0, "excluded_lines": 0, "percent_statements_covered": 100.0, "percent_statements_covered_display": "100.00", "num_branches": 0, "num_partial_branches": 0, "covered_branches": 0, "missing_branches": 0, "percent_branches_covered": 100.0, "percent_branches_covered_display": "100.00"}, "missing_lines": [], "excluded_lines": [], "start_line": 338, "executed_branches": [], "missing_branches": []}, "": {"executed_lines": [12, 14, 17, 66, 113, 145, 186, 217, 262, 310, 311, 338], "summary": {"covered_lines": 12, "num_statements": 12, "percent_covered": 100.0, "percent_covered_display": "100.00", "missing_lines": 0, "excluded_lines": 0, "percent_statements_covered": 100.0, "percent_statements_covered_display": "100.00", "num_branches": 0, "num_partial_branches": 0, "covered_branches": 0, "missing_branches": 0, "percent_branches_covered": 100.0, "percent_branches_covered_display": "100.00"}, "missing_lines": [], "excluded_lines": [], "start_line": 1, "executed_branches": [], "missing_branches": []}}, "classes": {"": {"executed_lines": [12, 14, 17, 63, 66, 110, 113, 134, 135, 138, 142, 145, 183, 186, 214, 217, 259, 262, 305, 310, 311, 338, 371, 372, 375, 379], "summary": {"covered_lines": 26, "num_statements": 33, "percent_covered": 78.78787878787878, "percent_covered_display": "78.79", "missing_lines": 7, "excluded_lines": 0, "percent_statements_covered": 78.78787878787878, "percent_statements_covered_display": "78.79", "num_branches": 0, "num_partial_branches": 0, "covered_branches": 0, "missing_branches": 0, "percent_branches_covered": 100.0, "percent_branches_covered_display": "100.00"}, "missing_lines": [328, 329, 330, 331, 333, 334, 335], "excluded_lines": [], "start_line": 1, "executed_branches": [], "missing_branches": []}}}, "YSimulator/YClient/actions/rule_based_actions.py": {"executed_lines": [9, 10, 12, 14, 17, 42, 68, 96, 121, 122, 127, 153, 177, 178, 182, 184, 186, 189, 220, 244], "summary": {"covered_lines": 20, "num_statements": 36, "percent_covered": 55.0, "percent_covered_display": "55.00", "missing_lines": 16, "excluded_lines": 0, "percent_statements_covered": 55.55555555555556, "percent_statements_covered_display": "55.56", "num_branches": 4, "num_partial_branches": 0, "covered_branches": 2, "missing_branches": 2, "percent_branches_covered": 50.0, "percent_branches_covered_display": "50.00"}, "missing_lines": [38, 39, 65, 90, 91, 149, 150, 211, 212, 214, 215, 217, 241, 268, 269, 270], "excluded_lines": [], "executed_branches": [[177, 178], [177, 182]], "missing_branches": [[214, 215], [214, 217]], "functions": {"generate_rule_based_post": {"executed_lines": [], "summary": {"covered_lines": 0, "num_statements": 2, "percent_covered": 0.0, "percent_covered_display": "0.00", "missing_lines": 2, "excluded_lines": 0, "percent_statements_covered": 0.0, "percent_statements_covered_display": "0.00", "num_branches": 0, "num_partial_branches": 0, "covered_branches": 0, "missing_branches": 0, "percent_branches_covered": 100.0, "percent_branches_covered_display": "100.00"}, "missing_lines": [38, 39], "excluded_lines": [], "start_line": 17, "executed_branches": [], "missing_branches": []}, "generate_rule_based_reaction": {"executed_lines": [], "summary": {"covered_lines": 0, "num_statements": 1, "percent_covered": 0.0, "percent_covered_display": "0.00", "missing_lines": 1, "excluded_lines": 0, "percent_statements_covered": 0.0, "percent_statements_covered_display": "0.00", "num_branches": 0, "num_partial_branches": 0, "covered_branches": 0, "missing_branches": 0, "percent_branches_covered": 100.0, "percent_branches_covered_display": "100.00"}, "missing_lines": [65], "excluded_lines": [], "start_line": 42, "executed_branches": [], "missing_branches": []}, "generate_rule_based_comment": {"executed_lines": [], "summary": {"covered_lines": 0, "num_statements": 2, "percent_covered": 0.0, "percent_covered_display": "0.00", "missing_lines": 2, "excluded_lines": 0, "percent_statements_covered": 0.0, "percent_statements_covered_display": "0.00", "num_branches": 0, "num_partial_branches": 0, "covered_branches": 0, "missing_branches": 0, "percent_branches_covered": 100.0, "percent_branches_covered_display": "100.00"}, "missing_lines": [90, 91], "excluded_lines": [], "start_line": 68, "executed_branches": [], "missing_branches": []}, "generate_rule_based_reply_to_mention": {"executed_lines": [121, 122], "summary": {"covered_lines": 2, "num_statements": 2, "percent_covered": 100.0, "percent_covered_display": "100.00", "missing_lines": 0, "excluded_lines": 0, "percent_statements_covered": 100.0, "percent_statements_covered_display": "100.00", "num_branches": 0, "num_partial_branches": 0, "covered_branches": 0, "missing_branches": 0, "percent_branches_covered": 100.0, "percent_branches_covered_display": "100.00"}, "missing_lines": [], "excluded_lines": [], "start_line": 96, "executed_branches": [], "missing_branches": []}, "generate_rule_based_share": {"executed_lines": [], "summary": {"covered_lines": 0, "num_statements": 2, "percent_covered": 0.0, "percent_covered_display": "0.00", "missing_lines": 2, "excluded_lines": 0, "percent_statements_covered": 0.0, "percent_statements_covered_display": "0.00", "num_branches": 0, "num_partial_branches": 0, "covered_branches": 0, "missing_branches": 0, "percent_branches_covered": 100.0, "percent_branches_covered_display": "100.00"}, "missing_lines": [149, 150], "excluded_lines": [], "start_line": 127, "executed_branches": [], "missing_branches": []}, "generate_rule_based_news_post": {"executed_lines": [177, 178, 182, 184, 186], "summary": {"covered_lines": 5, "num_statements": 5, "percent_covered": 100.0, "percent_covered_display": "100.00", "missing_lines": 0, "excluded_lines": 0, "percent_statements_covered": 100.0, "percent_statements_covered_display": "100.00", "num_branches": 2, "num_partial_branches": 0, "covered_branches": 2, "missing_branches": 0, "percent_branches_covered": 100.0, "percent_branches_covered_display": "100.00"}, "missing_lines": [], "excluded_lines": [], "start_line": 153, "executed_branches": [[177, 178], [177, 182]], "missing_branches": []}, "generate_rule_based_read": {"executed_lines": [], "summary": {"covered_lines": 0, "num_statements": 5, "percent_covered": 0.0, "percent_covered_display": "0.00", "missing_lines": 5, "excluded_lines": 0, "percent_statements_covered": 0.0, "percent_statements_covered_display": "0.00", "num_branches": 2, "num_partial_branches": 0, "covered_branches": 0, "missing_branches": 2, "percent_branches_covered": 0.0, "percent_branches_covered_display": "0.00"}, "missing_lines": [211, 212, 214, 215, 217], "excluded_lines": [], "start_line": 189, "executed_branches": [], "missing_branches": [[214, 215], [214, 217]]}, "generate_rule_based_follow": {"executed_lines": [], "summary": {"covered_lines": 0, "num_statements": 1, "percent_covered": 0.0, "percent_covered_display": "0.00", "missing_lines": 1, "excluded_lines": 0, "percent_statements_covered": 0.0, "percent_statements_covered_display": "0.00", "num_branches": 0, "num_partial_branches": 0, "covered_branches": 0, "missing_branches": 0, "percent_branches_covered": 100.0, "percent_branches_covered_display": "100.00"}, "missing_lines": [241], "excluded_lines": [], "start_line": 220, "executed_branches": [], "missing_branches": []}, "generate_rule_based_image_post": {"executed_lines": [], "summary": {"covered_lines": 0, "num_statements": 3, "percent_covered": 0.0, "percent_covered_display": "0.00", "missing_lines": 3, "excluded_lines": 0, "percent_statements_covered": 0.0, "percent_statements_covered_display": "0.00", "num_branches": 0, "num_partial_branches": 0, "covered_branches": 0, "missing_branches": 0, "percent_branches_covered": 100.0, "percent_branches_covered_display": "100.00"}, "missing_lines": [268, 269, 270], "excluded_lines": [], "start_line": 244, "executed_branches": [], "missing_branches": []}, "": {"executed_lines": [9, 10, 12, 14, 17, 42, 68, 96, 127, 153, 189, 220, 244], "summary": {"covered_lines": 13, "num_statements": 13, "percent_covered": 100.0, "percent_covered_display": "100.00", "missing_lines": 0, "excluded_lines": 0, "percent_statements_covered": 100.0, "percent_statements_covered_display": "100.00", "num_branches": 0, "num_partial_branches": 0, "covered_branches": 0, "missing_branches": 0, "percent_branches_covered": 100.0, "percent_branches_covered_display": "100.00"}, "missing_lines": [], "excluded_lines": [], "start_line": 1, "executed_branches": [], "missing_branches": []}}, "classes": {"": {"executed_lines": [9, 10, 12, 14, 17, 42, 68, 96, 121, 122, 127, 153, 177, 178, 182, 184, 186, 189, 220, 244], "summary": {"covered_lines": 20, "num_statements": 36, "percent_covered": 55.0, "percent_covered_display": "55.00", "missing_lines": 16, "excluded_lines": 0, "percent_statements_covered": 55.55555555555556, "percent_statements_covered_display": "55.56", "num_branches": 4, "num_partial_branches": 0, "covered_branches": 2, "missing_branches": 2, "percent_branches_covered": 50.0, "percent_branches_covered_display": "50.00"}, "missing_lines": [38, 39, 65, 90, 91, 149, 150, 211, 212, 214, 215, 217, 241, 268, 269, 270], "excluded_lines": [], "start_line": 1, "executed_branches": [[177, 178], [177, 182]], "missing_branches": [[214, 215], [214, 217]]}}}, "YSimulator/YClient/classes/__init__.py": {"executed_lines": [], "summary": {"covered_lines": 0, "num_statements": 0, "percent_covered": 100.0, "percent_covered_display": "100.00", "missing_lines": 0, "excluded_lines": 0, "percent_statements_covered": 100.0, "percent_statements_covered_display": "100.00", "num_branches": 0, "num_partial_branches": 0, "covered_branches": 0, "missing_branches": 0, "percent_branches_covered": 100.0, "percent_branches_covered_display": "100.00"}, "missing_lines": [], "excluded_lines": [], "executed_branches": [], "missing_branches": [], "functions": {"": {"executed_lines": [], "summary": {"covered_lines": 0, "num_statements": 0, "percent_covered": 100.0, "percent_covered_display": "100.00", "missing_lines": 0, "excluded_lines": 0, "percent_statements_covered": 100.0, "percent_statements_covered_display": "100.00", "num_branches": 0, "num_partial_branches": 0, "covered_branches": 0, "missing_branches": 0, "percent_branches_covered": 100.0, "percent_branches_covered_display": "100.00"}, "missing_lines": [], "excluded_lines": [], "start_line": 1, "executed_branches": [], "missing_branches": []}}, "classes": {"": {"executed_lines": [], "summary": {"covered_lines": 0, "num_statements": 0, "percent_covered": 100.0, "percent_covered_display": "100.00", "missing_lines": 0, "excluded_lines": 0, "percent_statements_covered": 100.0, "percent_statements_covered_display": "100.00", "num_branches": 0, "num_partial_branches": 0, "covered_branches": 0, "missing_branches": 0, "percent_branches_covered": 100.0, "percent_branches_covered_display": "100.00"}, "missing_lines": [], "excluded_lines": [], "start_line": 1, "executed_branches": [], "missing_branches": []}}}, "YSimulator/YClient/classes/ray_models.py": {"executed_lines": [1, 2, 5, 6, 16, 17, 18, 19, 20, 21, 22, 24, 25, 26, 27, 28, 29, 32, 33, 34, 35, 36, 37, 38, 39, 40, 41, 42, 43, 44, 45, 46, 48, 50, 51, 54, 57, 60, 61, 64, 65, 66, 67, 68, 69, 70, 71, 73, 75, 78, 79, 87, 88, 89, 90, 98, 99, 102, 103, 104, 105, 106, 109, 110, 113, 114, 115, 116, 117, 120, 121, 124, 125, 126, 127, 128, 131, 132, 135, 136, 137, 138, 141, 142, 145, 146, 147, 148, 149, 150, 153, 154, 157, 158, 159, 160, 168, 169, 172, 173, 174, 177, 178, 181, 182, 183, 186, 187, 190, 191, 192, 193, 194, 195, 196, 197, 198, 199, 200, 201, 202, 205, 206, 209, 210, 211, 214, 215, 218, 219, 220, 221, 222, 223, 224, 225, 226, 227], "summary": {"covered_lines": 138, "num_statements": 138, "percent_covered": 100.0, "percent_covered_display": "100.00", "missing_lines": 0, "excluded_lines": 0, "percent_statements_covered": 100.0, "percent_statements_covered_display": "100.00", "num_branches": 0, "num_partial_branches": 0, "covered_branches": 0, "missing_branches": 0, "percent_branches_covered": 100.0, "percent_branches_covered_display": "100.00"}, "missing_lines": [], "excluded_lines": [], "executed_branches": [], "missing_branches": [], "functions": {"": {"executed_lines": [1, 2, 5, 6, 16, 17, 18, 19, 20, 21, 22, 24, 25, 26, 27, 28, 29, 32, 33, 34, 35, 36, 37, 38, 39, 40, 41, 42, 43, 44, 45, 46, 48, 50, 51, 54, 57, 60, 61, 64, 65, 66, 67, 68, 69, 70, 71, 73, 75, 78, 79, 87, 88, 89, 90, 98, 99, 102, 103, 104, 105, 106, 109, 110, 113, 114, 115, 116, 117, 120, 121, 124, 125, 126, 127, 128, 131, 132, 135, 136, 137, 138, 141, 142, 145, 146, 147, 148, 149, 150, 153, 154, 157, 158, 159, 160, 168, 169, 172, 173, 174, 177, 178, 181, 182, 183, 186, 187, 190, 191, 192, 193, 194, 195, 196, 197, 198, 199, 200, 201, 202, 205, 206, 209, 210, 211, 214, 215, 218, 219, 220, 221, 222, 223, 224, 225, 226, 227], "summary": {"covered_lines": 138, "num_statements": 138, "percent_covered": 100.0, "percent_covered_display": "100.00", "missing_lines": 0, "excluded_lines": 0, "percent_statements_covered": 100.0, "percent_statements_covered_display": "100.00", "num_branches": 0, "num_partial_branches": 0, "covered_branches": 0, "missing_branches": 0, "percent_branches_covered": 100.0, "percent_branches_covered_display": "100.00"}, "missing_lines": [], "excluded_lines": [], "start_line": 1, "executed_branches": [], "missing_branches": []}}, "classes": {"AgentProfile": {"executed_lines": [], "summary": {"covered_lines": 0, "num_statements": 0, "percent_covered": 100.0, "percent_covered_display": "100.00", "missing_lines": 0, "excluded_lines": 0, "percent_statements_covered": 100.0, "percent_statements_covered_display": "100.00", "num_branches": 0, "num_partial_branches": 0, "covered_branches": 0, "missing_branches": 0, "percent_branches_covered": 100.0, "percent_branches_covered_display": "100.00"}, "missing_lines": [], "excluded_lines": [], "start_line": 6, "executed_branches": [], "missing_branches": []}, "ActionDTO": {"executed_lines": [], "summary": {"covered_lines": 0, "num_statements": 0, "percent_covered": 100.0, "percent_covered_display": "100.00", "missing_lines": 0, "excluded_lines": 0, "percent_statements_covered": 100.0, "percent_statements_covered_display": "100.00", "num_branches": 0, "num_partial_branches": 0, "covered_branches": 0, "missing_branches": 0, "percent_branches_covered": 100.0, "percent_branches_covered_display": "100.00"}, "missing_lines": [], "excluded_lines": [], "start_line": 61, "executed_branches": [], "missing_branches": []}, "SimulationInstruction": {"executed_lines": [], "summary": {"covered_lines": 0, "num_statements": 0, "percent_covered": 100.0, "percent_covered_display": "100.00", "missing_lines": 0, "excluded_lines": 0, "percent_statements_covered": 100.0, "percent_statements_covered_display": "100.00", "num_branches": 0, "num_partial_branches": 0, "covered_branches": 0, "missing_branches": 0, "percent_branches_covered": 100.0, "percent_branches_covered_display": "100.00"}, "missing_lines": [], "excluded_lines": [], "start_line": 79, "executed_branches": [], "missing_branches": []}, "FollowDTO": {"executed_lines": [], "summary": {"covered_lines": 0, "num_statements": 0, "percent_covered": 100.0, "percent_covered_display": "100.00", "missing_lines": 0, "excluded_lines": 0, "percent_statements_covered": 100.0, "percent_statements_covered_display": "100.00", "num_branches": 0, "num_partial_branches": 0, "covered_branches": 0, "missing_branches": 0, "percent_branches_covered": 100.0, "percent_branches_covered_display": "100.00"}, "missing_lines": [], "excluded_lines": [], "start_line": 99, "executed_branches": [], "missing_branches": []}, "ReactionDTO": {"executed_lines": [], "summary": {"covered_lines": 0, "num_statements": 0, "percent_covered": 100.0, "percent_covered_display": "100.00", "missing_lines": 0, "excluded_lines": 0, "percent_statements_covered": 100.0, "percent_statements_covered_display": "100.00", "num_branches": 0, "num_partial_branches": 0, "covered_branches": 0, "missing_branches": 0, "percent_branches_covered": 100.0, "percent_branches_covered_display": "100.00"}, "missing_lines": [], "excluded_lines": [], "start_line": 110, "executed_branches": [], "missing_branches": []}, "MentionDTO": {"executed_lines": [], "summary": {"covered_lines": 0, "num_statements": 0, "percent_covered": 100.0, "percent_covered_display": "100.00", "missing_lines": 0, "excluded_lines": 0, "percent_statements_covered": 100.0, "percent_statements_covered_display": "100.00", "num_branches": 0, "num_partial_branches": 0, "covered_branches": 0, "missing_branches": 0, "percent_branches_covered": 100.0, "percent_branches_covered_display": "100.00"}, "missing_lines": [], "excluded_lines": [], "start_line": 121, "executed_branches": [], "missing_branches": []}, "RecommendationDTO": {"executed_lines": [], "summary": {"covered_lines": 0, "num_statements": 0, "percent_covered": 100.0, "percent_covered_display": "100.00", "missing_lines": 0, "excluded_lines": 0, "percent_statements_covered": 100.0, "percent_statements_covered_display": "100.00", "num_branches": 0, "num_partial_branches": 0, "covered_branches": 0, "missing_branches": 0, "percent_branches_covered": 100.0, "percent_branches_covered_display": "100.00"}, "missing_lines": [], "excluded_lines": [], "start_line": 132, "executed_branches": [], "missing_branches": []}, "VotingDTO": {"executed_lines": [], "summary": {"covered_lines": 0, "num_statements": 0, "percent_covered": 100.0, "percent_covered_display": "100.00", "missing_lines": 0, "excluded_lines": 0, "percent_statements_covered": 100.0, "percent_statements_covered_display": "100.00", "num_branches": 0, "num_partial_branches": 0, "covered_branches": 0, "missing_branches": 0, "percent_branches_covered": 100.0, "percent_branches_covered_display": "100.00"}, "missing_lines": [], "excluded_lines": [], "start_line": 142, "executed_branches": [], "missing_branches": []}, "UserInterestDTO": {"executed_lines": [], "summary": {"covered_lines": 0, "num_statements": 0, "percent_covered": 100.0, "percent_covered_display": "100.00", "missing_lines": 0, "excluded_lines": 0, "percent_statements_covered": 100.0, "percent_statements_covered_display": "100.00", "num_branches": 0, "num_partial_branches": 0, "covered_branches": 0, "missing_branches": 0, "percent_branches_covered": 100.0, "percent_branches_covered_display": "100.00"}, "missing_lines": [], "excluded_lines": [], "start_line": 154, "executed_branches": [], "missing_branches": []}, "PostEmotionDTO": {"executed_lines": [], "summary": {"covered_lines": 0, "num_statements": 0, "percent_covered": 100.0, "percent_covered_display": "100.00", "missing_lines": 0, "excluded_lines": 0, "percent_statements_covered": 100.0, "percent_statements_covered_display": "100.00", "num_branches": 0, "num_partial_branches": 0, "covered_branches": 0, "missing_branches": 0, "percent_branches_covered": 100.0, "percent_branches_covered_display": "100.00"}, "missing_lines": [], "excluded_lines": [], "start_line": 169, "executed_branches": [], "missing_branches": []}, "PostHashtagDTO": {"executed_lines": [], "summary": {"covered_lines": 0, "num_statements": 0, "percent_covered": 100.0, "percent_covered_display": "100.00", "missing_lines": 0, "excluded_lines": 0, "percent_statements_covered": 100.0, "percent_statements_covered_display": "100.00", "num_branches": 0, "num_partial_branches": 0, "covered_branches": 0, "missing_branches": 0, "percent_branches_covered": 100.0, "percent_branches_covered_display": "100.00"}, "missing_lines": [], "excluded_lines": [], "start_line": 178, "executed_branches": [], "missing_branches": []}, "PostSentimentDTO": {"executed_lines": [], "summary": {"covered_lines": 0, "num_statements": 0, "percent_covered": 100.0, "percent_covered_display": "100.00", "missing_lines": 0, "excluded_lines": 0, "percent_statements_covered": 100.0, "percent_statements_covered_display": "100.00", "num_branches": 0, "num_partial_branches": 0, "covered_branches": 0, "missing_branches": 0, "percent_branches_covered": 100.0, "percent_branches_covered_display": "100.00"}, "missing_lines": [], "excluded_lines": [], "start_line": 187, "executed_branches": [], "missing_branches": []}, "PostTopicDTO": {"executed_lines": [], "summary": {"covered_lines": 0, "num_statements": 0, "percent_covered": 100.0, "percent_covered_display": "100.00", "missing_lines": 0, "excluded_lines": 0, "percent_statements_covered": 100.0, "percent_statements_covered_display": "100.00", "num_branches": 0, "num_partial_branches": 0, "covered_branches": 0, "missing_branches": 0, "percent_branches_covered": 100.0, "percent_branches_covered_display": "100.00"}, "missing_lines": [], "excluded_lines": [], "start_line": 206, "executed_branches": [], "missing_branches": []}, "PostToxicityDTO": {"executed_lines": [], "summary": {"covered_lines": 0, "num_statements": 0, "percent_covered": 100.0, "percent_covered_display": "100.00", "missing_lines": 0, "excluded_lines": 0, "percent_statements_covered": 100.0, "percent_statements_covered_display": "100.00", "num_branches": 0, "num_partial_branches": 0, "covered_branches": 0, "missing_branches": 0, "percent_branches_covered": 100.0, "percent_branches_covered_display": "100.00"}, "missing_lines": [], "excluded_lines": [], "start_line": 215, "executed_branches": [], "missing_branches": []}, "": {"executed_lines": [1, 2, 5, 6, 16, 17, 18, 19, 20, 21, 22, 24, 25, 26, 27, 28, 29, 32, 33, 34, 35, 36, 37, 38, 39, 40, 41, 42, 43, 44, 45, 46, 48, 50, 51, 54, 57, 60, 61, 64, 65, 66, 67, 68, 69, 70, 71, 73, 75, 78, 79, 87, 88, 89, 90, 98, 99, 102, 103, 104, 105, 106, 109, 110, 113, 114, 115, 116, 117, 120, 121, 124, 125, 126, 127, 128, 131, 132, 135, 136, 137, 138, 141, 142, 145, 146, 147, 148, 149, 150, 153, 154, 157, 158, 159, 160, 168, 169, 172, 173, 174, 177, 178, 181, 182, 183, 186, 187, 190, 191, 192, 193, 194, 195, 196, 197, 198, 199, 200, 201, 202, 205, 206, 209, 210, 211, 214, 215, 218, 219, 220, 221, 222, 223, 224, 225, 226, 227], "summary": {"covered_lines": 138, "num_statements": 138, "percent_covered": 100.0, "percent_covered_display": "100.00", "missing_lines": 0, "excluded_lines": 0, "percent_statements_covered": 100.0, "percent_statements_covered_display": "100.00", "num_branches": 0, "num_partial_branches": 0, "covered_branches": 0, "missing_branches": 0, "percent_branches_covered": 100.0, "percent_branches_covered_display": "100.00"}, "missing_lines": [], "excluded_lines": [], "start_line": 1, "executed_branches": [], "missing_branches": []}}}, "YSimulator/YClient/client.py": {"executed_lines": [8, 9, 10, 11, 12, 13, 14, 15, 16, 17, 18, 20, 22, 41, 42, 55, 63, 66, 68, 71, 85, 94, 102, 103, 104, 105, 108, 109, 120, 254, 329, 364, 463, 574, 628, 766, 1064, 1085, 1187, 1241, 1293, 1317, 1362, 1403, 1442, 1466, 1487, 1571, 1684, 1709, 2014, 2027, 2256, 2307, 2325, 2458, 2672, 2747, 2906, 2927, 3093, 3127, 3137, 3198, 3260, 3351, 3409, 3517, 3715, 3789], "summary": {"covered_lines": 70, "num_statements": 1402, "percent_covered": 3.5496957403651117, "percent_covered_display": "3.55", "missing_lines": 1332, "excluded_lines": 0, "percent_statements_covered": 4.992867332382311, "percent_statements_covered_display": "4.99", "num_branches": 570, "num_partial_branches": 0, "covered_branches": 0, "missing_branches": 570, "percent_branches_covered": 0.0, "percent_branches_covered_display": "0.00"}, "missing_lines": [142, 143, 144, 145, 148, 151, 152, 156, 157, 158, 161, 166, 172, 175, 176, 177, 178, 181, 182, 183, 186, 187, 190, 191, 194, 195, 196, 197, 198, 201, 202, 203, 204, 207, 208, 209, 210, 213, 214, 217, 218, 219, 222, 225, 228, 229, 230, 231, 232, 237, 239, 243, 257, 258, 259, 261, 262, 265, 266, 269, 272, 273, 274, 279, 280, 282, 283, 284, 292, 293, 294, 295, 296, 298, 299, 302, 303, 304, 305, 307, 308, 309, 314, 315, 317, 318, 320, 322, 323, 326, 327, 342, 343, 344, 345, 347, 348, 349, 352, 353, 355, 356, 358, 361, 362, 380, 381, 383, 384, 386, 387, 388, 389, 390, 393, 395, 396, 399, 406, 408, 409, 410, 411, 412, 413, 414, 415, 418, 419, 420, 421, 423, 424, 428, 429, 430, 431, 432, 433, 436, 437, 438, 439, 440, 442, 443, 444, 445, 446, 447, 450, 451, 452, 453, 455, 456, 457, 458, 459, 461, 468, 471, 472, 473, 504, 507, 508, 509, 510, 511, 512, 513, 516, 518, 522, 525, 527, 529, 530, 531, 532, 533, 534, 536, 537, 539, 540, 542, 570, 572, 588, 590, 591, 594, 596, 598, 599, 600, 601, 603, 604, 607, 608, 611, 612, 615, 616, 618, 620, 622, 623, 626, 642, 644, 645, 648, 650, 653, 657, 659, 660, 661, 662, 664, 665, 666, 667, 670, 671, 673, 674, 676, 677, 678, 679, 681, 682, 685, 686, 689, 690, 693, 694, 696, 697, 700, 701, 704, 705, 708, 714, 717, 718, 719, 720, 724, 725, 730, 731, 740, 741, 745, 747, 753, 757, 759, 760, 764, 778, 779, 781, 784, 786, 790, 793, 796, 797, 798, 800, 801, 802, 804, 805, 808, 809, 814, 815, 816, 818, 820, 823, 825, 827, 829, 830, 833, 835, 836, 838, 840, 844, 845, 847, 858, 863, 864, 867, 868, 870, 871, 873, 874, 875, 877, 879, 880, 881, 884, 885, 896, 900, 903, 904, 907, 910, 913, 914, 917, 922, 925, 928, 929, 930, 933, 934, 937, 938, 939, 942, 943, 946, 947, 951, 952, 953, 959, 960, 961, 965, 966, 967, 970, 971, 974, 975, 981, 982, 984, 987, 988, 989, 990, 996, 998, 1001, 1004, 1008, 1011, 1021, 1024, 1025, 1028, 1029, 1030, 1032, 1034, 1047, 1054, 1055, 1056, 1057, 1058, 1059, 1075, 1078, 1079, 1080, 1081, 1083, 1114, 1115, 1116, 1122, 1141, 1144, 1146, 1147, 1149, 1152, 1155, 1162, 1163, 1166, 1167, 1170, 1173, 1176, 1179, 1180, 1183, 1185, 1198, 1199, 1200, 1202, 1204, 1207, 1208, 1209, 1215, 1216, 1218, 1235, 1236, 1237, 1239, 1251, 1252, 1254, 1255, 1257, 1259, 1260, 1263, 1265, 1267, 1268, 1271, 1272, 1273, 1274, 1275, 1277, 1280, 1281, 1283, 1287, 1288, 1303, 1304, 1306, 1307, 1309, 1310, 1312, 1313, 1315, 1338, 1340, 1349, 1352, 1359, 1360, 1370, 1371, 1373, 1374, 1375, 1378, 1379, 1380, 1381, 1383, 1384, 1398, 1401, 1410, 1411, 1413, 1414, 1415, 1418, 1419, 1420, 1421, 1423, 1424, 1437, 1440, 1452, 1453, 1461, 1462, 1468, 1470, 1471, 1472, 1473, 1477, 1478, 1479, 1481, 1482, 1484, 1485, 1492, 1493, 1494, 1497, 1501, 1502, 1505, 1507, 1509, 1510, 1511, 1512, 1514, 1515, 1516, 1519, 1520, 1523, 1530, 1533, 1534, 1536, 1537, 1538, 1541, 1544, 1547, 1549, 1552, 1553, 1554, 1555, 1556, 1559, 1569, 1576, 1577, 1578, 1581, 1585, 1586, 1589, 1591, 1593, 1594, 1595, 1597, 1600, 1601, 1603, 1604, 1605, 1608, 1609, 1613, 1614, 1616, 1619, 1621, 1627, 1629, 1632, 1634, 1639, 1643, 1644, 1647, 1649, 1660, 1661, 1662, 1664, 1673, 1674, 1687, 1688, 1689, 1692, 1696, 1697, 1699, 1701, 1702, 1705, 1706, 1707, 1711, 1715, 1716, 1717, 1719, 1720, 1721, 1723, 1724, 1725, 1728, 1729, 1730, 1731, 1733, 1734, 1739, 1740, 1741, 1742, 1743, 1744, 1748, 1750, 1752, 1753, 1756, 1759, 1760, 1762, 1766, 1768, 1771, 1774, 1775, 1777, 1779, 1784, 1785, 1790, 1791, 1792, 1793, 1794, 1798, 1803, 1805, 1814, 1817, 1818, 1822, 1826, 1827, 1831, 1832, 1834, 1837, 1838, 1841, 1846, 1847, 1850, 1859, 1862, 1863, 1866, 1867, 1870, 1872, 1874, 1877, 1878, 1881, 1886, 1887, 1889, 1893, 1895, 1898, 1901, 1902, 1904, 1906, 1911, 1912, 1917, 1918, 1919, 1920, 1921, 1925, 1930, 1932, 1941, 1944, 1945, 1950, 1954, 1955, 1959, 1960, 1962, 1965, 1966, 1969, 1974, 1975, 1978, 1987, 1990, 1991, 1994, 1995, 1998, 2000, 2002, 2004, 2005, 2007, 2008, 2009, 2010, 2012, 2017, 2018, 2020, 2021, 2022, 2023, 2024, 2025, 2038, 2050, 2051, 2053, 2055, 2059, 2061, 2067, 2068, 2069, 2070, 2074, 2075, 2076, 2082, 2085, 2086, 2091, 2092, 2103, 2105, 2107, 2117, 2119, 2131, 2134, 2135, 2136, 2137, 2141, 2142, 2143, 2144, 2145, 2155, 2157, 2170, 2172, 2178, 2179, 2181, 2182, 2183, 2185, 2188, 2191, 2192, 2194, 2205, 2206, 2208, 2209, 2212, 2213, 2214, 2215, 2217, 2218, 2221, 2222, 2225, 2226, 2229, 2241, 2242, 2243, 2245, 2259, 2260, 2262, 2263, 2264, 2266, 2267, 2270, 2271, 2272, 2273, 2275, 2276, 2277, 2278, 2280, 2282, 2283, 2287, 2290, 2292, 2294, 2298, 2299, 2301, 2302, 2303, 2305, 2309, 2310, 2311, 2315, 2316, 2317, 2319, 2320, 2322, 2323, 2343, 2344, 2347, 2350, 2351, 2354, 2358, 2359, 2360, 2362, 2367, 2368, 2369, 2371, 2376, 2377, 2378, 2381, 2383, 2384, 2386, 2391, 2392, 2393, 2396, 2397, 2399, 2404, 2406, 2411, 2416, 2417, 2426, 2427, 2432, 2436, 2437, 2438, 2443, 2444, 2446, 2448, 2449, 2453, 2455, 2456, 2483, 2487, 2488, 2489, 2491, 2492, 2493, 2494, 2495, 2496, 2501, 2502, 2503, 2508, 2513, 2514, 2516, 2518, 2519, 2521, 2522, 2523, 2524, 2525, 2527, 2529, 2532, 2533, 2537, 2538, 2539, 2540, 2543, 2545, 2546, 2551, 2554, 2555, 2563, 2564, 2565, 2569, 2571, 2574, 2576, 2581, 2584, 2589, 2591, 2593, 2596, 2597, 2598, 2600, 2603, 2605, 2606, 2608, 2609, 2614, 2615, 2618, 2619, 2622, 2623, 2626, 2627, 2628, 2629, 2632, 2633, 2636, 2637, 2638, 2639, 2640, 2641, 2647, 2652, 2655, 2660, 2663, 2667, 2670, 2682, 2683, 2686, 2687, 2689, 2690, 2691, 2692, 2695, 2697, 2698, 2699, 2700, 2701, 2706, 2707, 2710, 2712, 2713, 2715, 2716, 2717, 2720, 2722, 2723, 2727, 2732, 2740, 2741, 2745, 2760, 2762, 2763, 2765, 2770, 2771, 2772, 2775, 2776, 2778, 2780, 2781, 2782, 2783, 2785, 2788, 2790, 2795, 2803, 2808, 2809, 2810, 2811, 2813, 2822, 2825, 2826, 2829, 2830, 2835, 2836, 2839, 2841, 2844, 2846, 2848, 2851, 2852, 2853, 2855, 2863, 2874, 2875, 2880, 2882, 2885, 2886, 2890, 2893, 2904, 2914, 2915, 2918, 2919, 2921, 2922, 2924, 2925, 2945, 2947, 2948, 2951, 2952, 2953, 2956, 2957, 2960, 2962, 2963, 2964, 2968, 2971, 2972, 2973, 2976, 2979, 2980, 2983, 2986, 2987, 2989, 2992, 2993, 2997, 3004, 3011, 3012, 3018, 3021, 3023, 3026, 3027, 3029, 3031, 3037, 3039, 3041, 3043, 3044, 3048, 3051, 3064, 3068, 3077, 3079, 3084, 3086, 3087, 3091, 3103, 3104, 3106, 3108, 3109, 3110, 3111, 3112, 3113, 3114, 3115, 3117, 3120, 3121, 3122, 3125, 3134, 3135, 3155, 3157, 3158, 3159, 3160, 3163, 3165, 3166, 3168, 3169, 3170, 3173, 3178, 3182, 3185, 3186, 3190, 3192, 3193, 3196, 3213, 3215, 3216, 3219, 3220, 3221, 3224, 3227, 3228, 3231, 3232, 3233, 3235, 3237, 3240, 3241, 3244, 3245, 3246, 3248, 3249, 3250, 3252, 3253, 3254, 3258, 3275, 3277, 3278, 3280, 3285, 3289, 3297, 3298, 3301, 3302, 3305, 3309, 3311, 3314, 3319, 3321, 3323, 3326, 3328, 3333, 3334, 3335, 3337, 3338, 3340, 3342, 3345, 3347, 3365, 3368, 3370, 3372, 3373, 3376, 3377, 3380, 3386, 3387, 3391, 3393, 3396, 3399, 3400, 3404, 3405, 3407, 3422, 3426, 3427, 3428, 3431, 3432, 3433, 3434, 3435, 3436, 3439, 3440, 3443, 3444, 3445, 3447, 3451, 3452, 3453, 3456, 3457, 3459, 3464, 3465, 3467, 3469, 3470, 3473, 3474, 3475, 3478, 3482, 3494, 3495, 3496, 3497, 3498, 3500, 3501, 3505, 3507, 3513, 3515, 3535, 3539, 3540, 3541, 3544, 3546, 3550, 3551, 3554, 3557, 3559, 3563, 3564, 3565, 3567, 3568, 3570, 3575, 3577, 3578, 3582, 3583, 3588, 3591, 3593, 3595, 3596, 3599, 3600, 3601, 3602, 3603, 3606, 3609, 3612, 3614, 3615, 3616, 3617, 3618, 3619, 3622, 3653, 3654, 3656, 3666, 3671, 3672, 3673, 3676, 3681, 3683, 3694, 3695, 3697, 3698, 3705, 3706, 3707, 3708, 3710, 3713, 3723, 3724, 3726, 3727, 3729, 3731, 3732, 3735, 3737, 3739, 3740, 3743, 3773, 3774, 3775, 3778, 3779, 3781, 3783, 3784, 3790], "excluded_lines": [], "executed_branches": [], "missing_branches": [[151, 152], [151, 156], [218, 219], [218, 222], [228, 229], [228, 243], [229, 230], [229, 243], [230, 229], [230, 231], [272, 273], [272, 302], [292, 293], [292, 294], [294, 295], [294, 296], [307, 308], [307, 326], [343, 344], [343, 362], [344, 345], [344, 353], [348, 349], [348, 352], [353, 355], [353, 358], [383, 384], [383, 395], [386, 387], [386, 393], [388, 389], [388, 390], [406, 408], [406, 436], [408, 409], [408, 418], [409, 408], [409, 410], [411, 408], [411, 412], [418, 419], [418, 450], [419, 420], [419, 450], [420, 419], [420, 421], [428, 419], [428, 429], [432, 419], [432, 433], [436, 437], [436, 450], [437, 436], [437, 438], [442, 436], [442, 443], [446, 436], [446, 447], [450, 451], [450, 461], [452, 453], [452, 455], [455, 456], [455, 461], [457, 458], [457, 461], [471, 472], [471, 507], [472, 473], [472, 507], [507, 508], [507, 572], [522, 525], [522, 527], [536, 537], [536, 572], [590, 591], [590, 594], [601, 603], [601, 620], [603, 604], [603, 607], [611, 612], [611, 615], [644, 645], [644, 650], [659, 660], [659, 661], [666, 667], [666, 673], [679, 681], [679, 717], [681, 682], [681, 685], [689, 690], [689, 696], [696, 697], [696, 704], [718, 719], [718, 747], [730, 731], [730, 747], [797, 798], [797, 800], [801, 802], [801, 804], [804, 805], [804, 808], [815, 816], [815, 818], [818, 820], [818, 840], [825, 827], [825, 838], [829, 830], [829, 835], [873, 874], [873, 877], [879, 880], [879, 884], [884, 885], [884, 903], [917, 922], [917, 937], [928, 929], [928, 933], [937, 938], [937, 959], [946, 947], [946, 959], [959, 960], [959, 981], [970, 971], [970, 981], [981, 982], [981, 996], [987, 988], [987, 996], [996, 998], [996, 1021], [1024, 1025], [1024, 1028], [1078, 1079], [1078, 1083], [1080, 1081], [1080, 1083], [1114, 1115], [1114, 1122], [1144, 1146], [1144, 1147], [1147, 1149], [1147, 1152], [1162, 1163], [1162, 1166], [1179, 1180], [1179, 1183], [1200, 1202], [1200, 1207], [1209, 1215], [1209, 1218], [1235, 1236], [1235, 1239], [1254, 1255], [1254, 1257], [1259, 1260], [1259, 1265], [1271, 1272], [1271, 1280], [1272, 1273], [1272, 1280], [1274, 1272], [1274, 1275], [1303, 1304], [1303, 1306], [1309, 1310], [1309, 1312], [1312, 1313], [1312, 1315], [1370, 1371], [1370, 1373], [1379, 1380], [1379, 1383], [1410, 1411], [1410, 1413], [1419, 1420], [1419, 1423], [1452, -1442], [1452, 1453], [1468, 1470], [1468, 1477], [1481, 1482], [1481, 1484], [1501, 1502], [1501, 1505], [1507, 1509], [1507, 1547], [1510, -1487], [1510, 1511], [1515, 1516], [1515, 1523], [1519, 1520], [1519, 1523], [1534, 1536], [1534, 1541], [1553, 1554], [1553, 1569], [1555, 1556], [1555, 1559], [1585, 1586], [1585, 1589], [1591, 1593], [1591, 1613], [1594, -1571], [1594, 1595], [1601, 1603], [1601, 1608], [1614, -1571], [1614, 1616], [1619, 1621], [1619, 1660], [1627, 1629], [1627, 1632], [1632, 1634], [1632, 1639], [1643, 1644], [1643, 1673], [1661, 1662], [1661, 1673], [1673, -1571], [1673, 1674], [1696, 1697], [1696, 1699], [1699, 1701], [1699, 1705], [1715, 1716], [1715, 1719], [1719, 1720], [1719, 1723], [1723, 1724], [1723, 1728], [1733, 1734], [1733, 2007], [1740, 1741], [1740, 1750], [1743, 1744], [1743, 1750], [1750, 1752], [1750, 1877], [1759, 1760], [1759, 1874], [1766, 1768], [1766, 1822], [1777, 1779], [1777, 1874], [1784, 1785], [1784, 1874], [1790, 1791], [1790, 1874], [1792, 1793], [1792, 1874], [1803, 1792], [1803, 1805], [1826, 1827], [1826, 1874], [1831, 1832], [1831, 1874], [1837, 1838], [1837, 1841], [1846, 1831], [1846, 1847], [1886, 1887], [1886, 2002], [1893, 1895], [1893, 1950], [1904, 1906], [1904, 2002], [1911, 1912], [1911, 2002], [1917, 1918], [1917, 2002], [1919, 1920], [1919, 2002], [1930, 1919], [1930, 1932], [1954, 1955], [1954, 2002], [1959, 1960], [1959, 2002], [1965, 1966], [1965, 1969], [1974, 1959], [1974, 1975], [2017, -2014], [2017, 2018], [2021, 2022], [2021, 2025], [2023, 2024], [2023, 2025], [2053, 2055], [2053, 2061], [2069, 2070], [2069, 2085], [2105, 2107], [2105, 2119], [2136, 2137], [2136, 2142], [2170, 2172], [2170, 2191], [2179, 2181], [2179, 2185], [2205, 2206], [2205, 2214], [2208, 2209], [2208, 2241], [2212, 2213], [2212, 2241], [2214, 2215], [2214, 2225], [2217, 2218], [2217, 2241], [2221, 2222], [2221, 2241], [2241, 2242], [2241, 2243], [2262, 2263], [2262, 2266], [2272, 2273], [2272, 2280], [2275, 2276], [2275, 2280], [2277, 2275], [2277, 2278], [2280, 2282], [2280, 2290], [2309, 2310], [2309, 2315], [2319, 2320], [2319, 2322], [2343, 2344], [2343, 2350], [2358, 2359], [2358, 2362], [2377, 2378], [2377, 2383], [2392, 2393], [2392, 2399], [2396, 2397], [2396, 2399], [2404, 2406], [2404, 2432], [2488, 2489], [2488, 2508], [2491, 2492], [2491, 2501], [2495, 2496], [2495, 2508], [2516, 2518], [2516, 2529], [2518, 2519], [2518, 2521], [2523, 2516], [2523, 2524], [2524, 2525], [2524, 2527], [2532, 2533], [2532, 2537], [2538, 2539], [2538, 2554], [2543, 2545], [2543, 2554], [2545, 2546], [2545, 2551], [2574, 2576], [2574, 2647], [2589, 2591], [2589, 2593], [2593, 2596], [2593, 2603], [2597, 2598], [2597, 2600], [2605, 2574], [2605, 2606], [2608, 2609], [2608, 2614], [2614, 2615], [2614, 2618], [2618, 2619], [2618, 2622], [2622, 2623], [2622, 2626], [2626, 2627], [2626, 2628], [2628, 2629], [2628, 2632], [2632, 2633], [2632, 2636], [2636, 2637], [2636, 2638], [2638, 2639], [2638, 2640], [2640, 2605], [2640, 2641], [2682, 2683], [2682, 2686], [2689, -2672], [2689, 2690], [2695, 2697], [2695, 2706], [2710, 2712], [2710, 2727], [2762, 2763], [2762, 2765], [2771, 2772], [2771, 2775], [2778, 2780], [2778, 2904], [2788, 2790], [2788, 2839], [2810, 2811], [2810, 2813], [2825, 2826], [2825, 2835], [2835, 2778], [2835, 2836], [2839, 2841], [2839, 2893], [2844, 2846], [2844, 2880], [2852, 2853], [2852, 2855], [2874, 2875], [2874, 2890], [2885, 2886], [2885, 2890], [2914, 2915], [2914, 2918], [2921, -2906], [2921, 2922], [2924, 2921], [2924, 2925], [2947, 2948], [2947, 2951], [2952, 2953], [2952, 2956], [2960, 2962], [2960, 2971], [2963, 2964], [2963, 2971], [2972, 2973], [2972, 2976], [2979, 2980], [2979, 2983], [2987, 2989], [2987, 3084], [2992, 2993], [2992, 2997], [3011, 3012], [3011, 3021], [3021, 3023], [3021, 3064], [3029, 3031], [3029, 3051], [3037, 3039], [3037, 3051], [3106, 3108], [3106, 3120], [3108, 3109], [3108, 3110], [3110, 3111], [3110, 3112], [3112, 3113], [3112, 3114], [3114, 3115], [3114, 3117], [3120, 3121], [3120, 3125], [3121, 3120], [3121, 3122], [3158, 3159], [3158, 3163], [3163, 3165], [3163, 3185], [3168, 3169], [3168, 3173], [3215, 3216], [3215, 3219], [3220, 3221], [3220, 3224], [3227, 3228], [3227, 3231], [3235, 3237], [3235, 3252], [3240, 3241], [3240, 3244], [3244, 3235], [3244, 3245], [3277, 3278], [3277, 3280], [3289, 3297], [3289, 3333], [3297, 3298], [3297, 3301], [3301, 3302], [3301, 3305], [3309, 3311], [3309, 3319], [3321, 3323], [3321, 3326], [3326, 3289], [3326, 3328], [3333, -3260], [3333, 3334], [3337, -3260], [3337, 3338], [3340, 3342], [3340, 3345], [3345, 3337], [3345, 3347], [3370, 3372], [3370, 3407], [3372, 3373], [3372, 3376], [3391, 3370], [3391, 3393], [3426, 3427], [3426, 3431], [3451, 3452], [3451, 3456], [3467, 3469], [3467, 3473], [3469, 3467], [3469, 3470], [3473, 3474], [3473, 3507], [3494, 3495], [3494, 3507], [3495, 3494], [3495, 3496], [3496, 3495], [3496, 3497], [3539, 3540], [3539, 3544], [3550, 3551], [3550, 3557], [3563, 3564], [3563, 3567], [3575, 3577], [3575, 3671], [3582, 3583], [3582, 3666], [3600, 3601], [3600, 3602], [3602, 3603], [3602, 3606], [3617, 3618], [3617, 3622], [3671, 3672], [3671, 3710], [3694, 3695], [3694, 3710], [3705, 3706], [3705, 3708], [3706, 3705], [3706, 3707], [3726, 3727], [3726, 3729], [3731, 3732], [3731, 3737], [3773, 3774], [3773, 3775]], "functions": {"compress_rotated_log": {"executed_lines": [102, 103, 104, 105], "summary": {"covered_lines": 4, "num_statements": 4, "percent_covered": 100.0, "percent_covered_display": "100.00", "missing_lines": 0, "excluded_lines": 0, "percent_statements_covered": 100.0, "percent_statements_covered_display": "100.00", "num_branches": 0, "num_partial_branches": 0, "covered_branches": 0, "missing_branches": 0, "percent_branches_covered": 100.0, "percent_branches_covered_display": "100.00"}, "missing_lines": [], "excluded_lines": [], "start_line": 94, "executed_branches": [], "missing_branches": []}, "SimulationClient.__init__": {"executed_lines": [], "summary": {"covered_lines": 0, "num_statements": 52, "percent_covered": 0.0, "percent_covered_display": "0.00", "missing_lines": 52, "excluded_lines": 0, "percent_statements_covered": 0.0, "percent_statements_covered_display": "0.00", "num_branches": 10, "num_partial_branches": 0, "covered_branches": 0, "missing_branches": 10, "percent_branches_covered": 0.0, "percent_branches_covered_display": "0.00"}, "missing_lines": [142, 143, 144, 145, 148, 151, 152, 156, 157, 158, 161, 166, 172, 175, 176, 177, 178, 181, 182, 183, 186, 187, 190, 191, 194, 195, 196, 197, 198, 201, 202, 203, 204, 207, 208, 209, 210, 213, 214, 217, 218, 219, 222, 225, 228, 229, 230, 231, 232, 237, 239, 243], "excluded_lines": [], "start_line": 120, "executed_branches": [], "missing_branches": [[151, 152], [151, 156], [218, 219], [218, 222], [228, 229], [228, 243], [229, 230], [229, 243], [230, 229], [230, 231]]}, "SimulationClient._setup_logging": {"executed_lines": [], "summary": {"covered_lines": 0, "num_statements": 32, "percent_covered": 0.0, "percent_covered_display": "0.00", "missing_lines": 32, "excluded_lines": 0, "percent_statements_covered": 0.0, "percent_statements_covered_display": "0.00", "num_branches": 4, "num_partial_branches": 0, "covered_branches": 0, "missing_branches": 4, "percent_branches_covered": 0.0, "percent_branches_covered_display": "0.00"}, "missing_lines": [257, 258, 259, 261, 262, 265, 266, 269, 272, 273, 274, 279, 280, 282, 283, 298, 299, 302, 303, 304, 305, 307, 308, 309, 314, 315, 317, 318, 322, 323, 326, 327], "excluded_lines": [], "start_line": 254, "executed_branches": [], "missing_branches": [[272, 273], [272, 302], [307, 308], [307, 326]]}, "SimulationClient._setup_logging.JsonFormatter.format": {"executed_lines": [], "summary": {"covered_lines": 0, "num_statements": 6, "percent_covered": 0.0, "percent_covered_display": "0.00", "missing_lines": 6, "excluded_lines": 0, "percent_statements_covered": 0.0, "percent_statements_covered_display": "0.00", "num_branches": 4, "num_partial_branches": 0, "covered_branches": 0, "missing_branches": 4, "percent_branches_covered": 0.0, "percent_branches_covered_display": "0.00"}, "missing_lines": [284, 292, 293, 294, 295, 296], "excluded_lines": [], "start_line": 283, "executed_branches": [], "missing_branches": [[292, 293], [292, 294], [294, 295], [294, 296]]}, "SimulationClient._setup_logging.ActionFormatter.format": {"executed_lines": [], "summary": {"covered_lines": 0, "num_statements": 1, "percent_covered": 0.0, "percent_covered_display": "0.00", "missing_lines": 1, "excluded_lines": 0, "percent_statements_covered": 0.0, "percent_statements_covered_display": "0.00", "num_branches": 0, "num_partial_branches": 0, "covered_branches": 0, "missing_branches": 0, "percent_branches_covered": 100.0, "percent_branches_covered_display": "100.00"}, "missing_lines": [320], "excluded_lines": [], "start_line": 318, "executed_branches": [], "missing_branches": []}, "SimulationClient._parse_activity_profiles": {"executed_lines": [], "summary": {"covered_lines": 0, "num_statements": 14, "percent_covered": 0.0, "percent_covered_display": "0.00", "missing_lines": 14, "excluded_lines": 0, "percent_statements_covered": 0.0, "percent_statements_covered_display": "0.00", "num_branches": 8, "num_partial_branches": 0, "covered_branches": 0, "missing_branches": 8, "percent_branches_covered": 0.0, "percent_branches_covered_display": "0.00"}, "missing_lines": [342, 343, 344, 345, 347, 348, 349, 352, 353, 355, 356, 358, 361, 362], "excluded_lines": [], "start_line": 329, "executed_branches": [], "missing_branches": [[343, 344], [343, 362], [344, 345], [344, 353], [348, 349], [348, 352], [353, 355], [353, 358]]}, "SimulationClient._sample_agents_by_archetype": {"executed_lines": [], "summary": {"covered_lines": 0, "num_statements": 55, "percent_covered": 0.0, "percent_covered_display": "0.00", "missing_lines": 55, "excluded_lines": 0, "percent_statements_covered": 0.0, "percent_statements_covered_display": "0.00", "num_branches": 40, "num_partial_branches": 0, "covered_branches": 0, "missing_branches": 40, "percent_branches_covered": 0.0, "percent_branches_covered_display": "0.00"}, "missing_lines": [380, 381, 383, 384, 386, 387, 388, 389, 390, 393, 395, 396, 399, 406, 408, 409, 410, 411, 412, 413, 414, 415, 418, 419, 420, 421, 423, 424, 428, 429, 430, 431, 432, 433, 436, 437, 438, 439, 440, 442, 443, 444, 445, 446, 447, 450, 451, 452, 453, 455, 456, 457, 458, 459, 461], "excluded_lines": [], "start_line": 364, "executed_branches": [], "missing_branches": [[383, 384], [383, 395], [386, 387], [386, 393], [388, 389], [388, 390], [406, 408], [406, 436], [408, 409], [408, 418], [409, 408], [409, 410], [411, 408], [411, 412], [418, 419], [418, 450], [419, 420], [419, 450], [420, 419], [420, 421], [428, 419], [428, 429], [432, 419], [432, 433], [436, 437], [436, 450], [437, 436], [437, 438], [442, 436], [442, 443], [446, 436], [446, 447], [450, 451], [450, 461], [452, 453], [452, 455], [455, 456], [455, 461], [457, 458], [457, 461]]}, "SimulationClient._create_agents_from_config": {"executed_lines": [], "summary": {"covered_lines": 0, "num_statements": 30, "percent_covered": 0.0, "percent_covered_display": "0.00", "missing_lines": 30, "excluded_lines": 0, "percent_statements_covered": 0.0, "percent_statements_covered_display": "0.00", "num_branches": 10, "num_partial_branches": 0, "covered_branches": 0, "missing_branches": 10, "percent_branches_covered": 0.0, "percent_branches_covered_display": "0.00"}, "missing_lines": [468, 471, 472, 473, 504, 507, 508, 509, 510, 511, 512, 513, 516, 518, 522, 525, 527, 529, 530, 531, 532, 533, 534, 536, 537, 539, 540, 542, 570, 572], "excluded_lines": [], "start_line": 463, "executed_branches": [], "missing_branches": [[471, 472], [471, 507], [472, 473], [472, 507], [507, 508], [507, 572], [522, 525], [522, 527], [536, 537], [536, 572]]}, "SimulationClient._parse_network_edges": {"executed_lines": [], "summary": {"covered_lines": 0, "num_statements": 22, "percent_covered": 0.0, "percent_covered_display": "0.00", "missing_lines": 22, "excluded_lines": 0, "percent_statements_covered": 0.0, "percent_statements_covered_display": "0.00", "num_branches": 8, "num_partial_branches": 0, "covered_branches": 0, "missing_branches": 8, "percent_branches_covered": 0.0, "percent_branches_covered_display": "0.00"}, "missing_lines": [588, 590, 591, 594, 596, 598, 599, 600, 601, 603, 604, 607, 608, 611, 612, 615, 616, 618, 620, 622, 623, 626], "excluded_lines": [], "start_line": 574, "executed_branches": [], "missing_branches": [[590, 591], [590, 594], [601, 603], [601, 620], [603, 604], [603, 607], [611, 612], [611, 615]]}, "SimulationClient._load_and_create_social_network": {"executed_lines": [], "summary": {"covered_lines": 0, "num_statements": 52, "percent_covered": 0.0, "percent_covered_display": "0.00", "missing_lines": 52, "excluded_lines": 0, "percent_statements_covered": 0.0, "percent_statements_covered_display": "0.00", "num_branches": 16, "num_partial_branches": 0, "covered_branches": 0, "missing_branches": 16, "percent_branches_covered": 0.0, "percent_branches_covered_display": "0.00"}, "missing_lines": [642, 644, 645, 648, 650, 653, 657, 664, 665, 666, 667, 670, 671, 673, 674, 676, 677, 678, 679, 681, 682, 685, 686, 689, 690, 693, 694, 696, 697, 700, 701, 704, 705, 708, 714, 717, 718, 719, 720, 724, 725, 730, 731, 740, 741, 745, 747, 753, 757, 759, 760, 764], "excluded_lines": [], "start_line": 628, "executed_branches": [], "missing_branches": [[644, 645], [644, 650], [666, 667], [666, 673], [679, 681], [679, 717], [681, 682], [681, 685], [689, 690], [689, 696], [696, 697], [696, 704], [718, 719], [718, 747], [730, 731], [730, 747]]}, "SimulationClient._load_and_create_social_network._log_round_id_error": {"executed_lines": [], "summary": {"covered_lines": 0, "num_statements": 4, "percent_covered": 0.0, "percent_covered_display": "0.00", "missing_lines": 4, "excluded_lines": 0,
[...]
5], [559, 556], [559, 561], [566, 568], [566, 583], [569, 571], [569, 580], [584, 585], [584, 633], [592, 593], [592, 599], [594, 595], [594, 599], [599, 600], [599, 605], [605, 606], [605, 628], [621, 622], [621, 624], [628, 629], [628, 636], [637, 638], [637, 658], [653, 654], [653, 656], [662, 663], [662, 681], [664, -515], [664, 666], [667, 669], [667, 677], [670, 671], [670, 673], [762, 764], [762, 815], [803, 762], [803, 804], [822, 823], [822, 828], [823, 824], [823, 831], [828, 829], [828, 831], [835, 836], [835, 862], [837, 838], [837, 845], [845, 835], [845, 847], [847, 835], [847, 849], [850, 847], [850, 852], [863, 864], [863, 866], [941, 942], [941, 944], [952, 953], [952, 966], [959, 952], [959, 960], [1129, 1130], [1129, 1133], [1133, 1134], [1133, 1161], [1184, 1185], [1184, 1205], [1220, 1221], [1220, 1222], [1245, 1247], [1245, 1267], [1247, 1249], [1247, 1256], [1263, 1245], [1263, 1264], [1267, -1233], [1267, 1268], [1311, 1312], [1311, 1331], [1353, 1354], [1353, 1357], [1357, 1358], [1357, 1361], [1378, 1379], [1378, 1804], [1379, 1380], [1379, 1483], [1387, 1388], [1387, 1392], [1392, 1393], [1392, 1398], [1399, 1400], [1399, 1478], [1403, 1405], [1403, 1438], [1406, 1410], [1406, 1469], [1419, 1421], [1419, 1469], [1421, 1422], [1421, 1432], [1425, 1421], [1425, 1426], [1438, 1440], [1438, 1453], [1440, 1441], [1440, 1448], [1444, 1440], [1444, 1445], [1453, 1455], [1453, 1469], [1456, 1458], [1456, 1469], [1469, 1378], [1469, 1470], [1483, 1486], [1483, 1617], [1487, 1493], [1487, 1607], [1497, 1498], [1497, 1500], [1508, 1509], [1508, 1602], [1515, 1516], [1515, 1520], [1525, 1527], [1525, 1570], [1528, 1530], [1528, 1559], [1533, 1534], [1533, 1554], [1537, 1539], [1537, 1549], [1539, 1540], [1539, 1541], [1541, 1542], [1541, 1544], [1572, 1573], [1572, 1587], [1581, 1572], [1581, 1582], [1587, 1378], [1587, 1588], [1589, 1590], [1589, 1598], [1617, 1620], [1617, 1669], [1621, 1622], [1621, 1659], [1631, 1632], [1631, 1634], [1635, 1636], [1635, 1654], [1639, 1378], [1639, 1640], [1641, 1642], [1641, 1650], [1669, 1671], [1669, 1691], [1680, 1378], [1680, 1681], [1691, 1693], [1691, 1715], [1702, 1378], [1702, 1703], [1724, 1725], [1724, 1737], [1726, 1727], [1726, 1731], [1738, 1740], [1738, 1802], [1742, 1744], [1742, 1798], [1746, 1378], [1746, 1748], [1752, 1753], [1752, 1770], [1756, 1758], [1756, 1768], [1758, 1759], [1758, 1760], [1760, 1761], [1760, 1763], [1773, 1378], [1773, 1774], [1789, 1790], [1789, 1794], [1804, 1805], [1804, 1809], [1809, 1810], [1809, 1814], [1811, 1812], [1811, 1814], [1899, 1900], [1899, 1902], [1900, 1899], [1900, 1901], [2005, 2006], [2005, 2009], [2013, -1994], [2013, 2014], [2026, 2027], [2026, 2105], [2034, 2039], [2034, 2067], [2074, 2078], [2074, 2100], [2100, 2101], [2100, 2105], [2137, 2138], [2137, 2140], [2149, 2150], [2149, 2206], [2154, 2155], [2154, 2158], [2161, 2162], [2161, 2165], [2167, 2168], [2167, 2171], [2176, 2177], [2176, 2184], [2187, 2149], [2187, 2189], [2191, 2192], [2191, 2197], [2259, 2260], [2259, 2262], [2284, 2286], [2284, 2293], [2348, 2351], [2348, 2455], [2355, 2356], [2355, 2381], [2357, 2358], [2357, 2362], [2366, 2367], [2366, 2384], [2367, 2366], [2367, 2368], [2370, 2366], [2370, 2371], [2398, 2399], [2398, 2400], [2400, 2401], [2400, 2404], [2404, 2405], [2404, 2408], [2408, 2409], [2408, 2412], [2412, 2413], [2412, 2416], [2416, 2417], [2416, 2420], [2420, 2421], [2420, 2424], [2424, 2425], [2424, 2428], [2428, 2429], [2428, 2434], [2459, 2461], [2459, 2465], [2465, 2467], [2465, 2471], [2471, 2473], [2471, 2482], [2482, 2484], [2482, 2493], [2493, 2495], [2493, 2499], [2499, 2501], [2499, 2510], [2510, 2512], [2510, 2521], [2521, 2523], [2521, 2527], [2527, 2529], [2527, 2535], [2726, 2729], [2726, 2762], [2738, 2739], [2738, 2749], [2741, 2738], [2741, 2745], [2746, 2738], [2746, 2747], [2749, 2750], [2749, 2753], [2754, 2755], [2754, 2759], [2756, 2754], [2756, 2757], [2776, 2777], [2776, 2780], [2781, 2782], [2781, 2786], [2783, 2781], [2783, 2784], [2823, 2824], [2823, 2826], [2845, 2846], [2845, 2850], [2877, 2878], [2877, 2881], [2881, 2882], [2881, 2885], [2885, 2886], [2885, 2889], [2889, 2890], [2889, 2893], [2893, 2894], [2893, 2899], [2947, 2948], [2947, 2951], [2951, 2952], [2951, 2955], [2955, 2956], [2955, 2959], [2959, 2960], [2959, 2963], [2963, 2964], [2963, 2969], [2975, 2976], [2975, 2985]]}, "OrchestratorServer._setup_logging.JsonFormatter": {"executed_lines": [], "summary": {"covered_lines": 0, "num_statements": 6, "percent_covered": 0.0, "percent_covered_display": "0.00", "missing_lines": 6, "excluded_lines": 0, "percent_statements_covered": 0.0, "percent_statements_covered_display": "0.00", "num_branches": 4, "num_partial_branches": 0, "covered_branches": 0, "missing_branches": 4, "percent_branches_covered": 0.0, "percent_branches_covered_display": "0.00"}, "missing_lines": [301, 309, 310, 311, 312, 313], "excluded_lines": [], "start_line": 299, "executed_branches": [], "missing_branches": [[309, 310], [309, 311], [311, 312], [311, 313]]}, "OrchestratorServer._setup_logging.RawFormatter": {"executed_lines": [], "summary": {"covered_lines": 0, "num_statements": 1, "percent_covered": 0.0, "percent_covered_display": "0.00", "missing_lines": 1, "excluded_lines": 0, "percent_statements_covered": 0.0, "percent_statements_covered_display": "0.00", "num_branches": 0, "num_partial_branches": 0, "covered_branches": 0, "missing_branches": 0, "percent_branches_covered": 100.0, "percent_branches_covered_display": "100.00"}, "missing_lines": [342], "excluded_lines": [], "start_line": 340, "executed_branches": [], "missing_branches": []}, "": {"executed_lines": [8, 9, 10, 11, 12, 13, 14, 15, 16, 17, 18, 19, 20, 21, 23, 25, 26, 27, 28, 31, 32, 33, 34, 37, 53, 54, 130, 133, 141, 142, 143, 144, 147, 148, 160, 268, 350, 363, 373, 385, 398, 479, 515, 683, 691, 701, 714, 726, 740, 741, 899, 900, 928, 976, 977, 1011, 1034, 1072, 1073, 1090, 1106, 1107, 1170, 1171, 1207, 1208, 1224, 1233, 1285, 1297, 1298, 1333, 1334, 1365, 1366, 1843, 1852, 1861, 1874, 1887, 1904, 1913, 1927, 1941, 1955, 1969, 1980, 1994, 2124, 2226, 2248, 2310, 2311, 2565, 2566, 2579, 2580, 2601, 2602, 2615, 2616, 2632, 2633, 2646, 2647, 2660, 2661, 2677, 2678, 2705, 2706, 2794, 2795, 2828, 2936], "summary": {"covered_lines": 115, "num_statements": 153, "percent_covered": 70.5521472392638, "percent_covered_display": "70.55", "missing_lines": 38, "excluded_lines": 0, "percent_statements_covered": 75.16339869281046, "percent_statements_covered_display": "75.16", "num_branches": 10, "num_partial_branches": 0, "covered_branches": 0, "missing_branches": 10, "percent_branches_covered": 0.0, "percent_branches_covered_display": "0.00"}, "missing_lines": [56, 60, 63, 65, 67, 68, 69, 71, 72, 74, 75, 76, 78, 81, 82, 85, 86, 87, 89, 91, 92, 93, 94, 95, 96, 99, 102, 103, 104, 107, 108, 109, 110, 121, 122, 124, 125, 128], "excluded_lines": [], "start_line": 1, "executed_branches": [], "missing_branches": [[63, 65], [63, 81], [71, 72], [71, 81], [74, 75], [74, 81], [81, 82], [81, 85], [121, 122], [121, 124]]}}}, "YSimulator/__init__.py": {"executed_lines": [], "summary": {"covered_lines": 0, "num_statements": 0, "percent_covered": 100.0, "percent_covered_display": "100.00", "missing_lines": 0, "excluded_lines": 0, "percent_statements_covered": 100.0, "percent_statements_covered_display": "100.00", "num_branches": 0, "num_partial_branches": 0, "covered_branches": 0, "missing_branches": 0, "percent_branches_covered": 100.0, "percent_branches_covered_display": "100.00"}, "missing_lines": [], "excluded_lines": [], "executed_branches": [], "missing_branches": [], "functions": {"": {"executed_lines": [], "summary": {"covered_lines": 0, "num_statements": 0, "percent_covered": 100.0, "percent_covered_display": "100.00", "missing_lines": 0, "excluded_lines": 0, "percent_statements_covered": 100.0, "percent_statements_covered_display": "100.00", "num_branches": 0, "num_partial_branches": 0, "covered_branches": 0, "missing_branches": 0, "percent_branches_covered": 100.0, "percent_branches_covered_display": "100.00"}, "missing_lines": [], "excluded_lines": [], "start_line": 1, "executed_branches": [], "missing_branches": []}}, "classes": {"": {"executed_lines": [], "summary": {"covered_lines": 0, "num_statements": 0, "percent_covered": 100.0, "percent_covered_display": "100.00", "missing_lines": 0, "excluded_lines": 0, "percent_statements_covered": 100.0, "percent_statements_covered_display": "100.00", "num_branches": 0, "num_partial_branches": 0, "covered_branches": 0, "missing_branches": 0, "percent_branches_covered": 100.0, "percent_branches_covered_display": "100.00"}, "missing_lines": [], "excluded_lines": [], "start_line": 1, "executed_branches": [], "missing_branches": []}}}, "YSimulator/common_utils.py": {"executed_lines": [7, 8, 9, 10, 12, 15, 31, 34, 35, 36, 37, 40, 46, 47, 48, 49, 50, 51, 52, 53, 55], "summary": {"covered_lines": 21, "num_statements": 24, "percent_covered": 88.23529411764706, "percent_covered_display": "88.24", "missing_lines": 3, "excluded_lines": 0, "percent_statements_covered": 87.5, "percent_statements_covered_display": "87.50", "num_branches": 10, "num_partial_branches": 1, "covered_branches": 9, "missing_branches": 1, "percent_branches_covered": 90.0, "percent_branches_covered_display": "90.00"}, "missing_lines": [41, 42, 43], "excluded_lines": [], "executed_branches": [[34, 35], [34, 40], [40, 46], [46, 47], [46, 55], [47, 48], [47, 55], [49, 47], [49, 50]], "missing_branches": [[40, 41]], "functions": {"validate_config_directory": {"executed_lines": [31, 34, 35, 36, 37, 40, 46, 47, 48, 49, 50, 51, 52, 53, 55], "summary": {"covered_lines": 15, "num_statements": 18, "percent_covered": 85.71428571428571, "percent_covered_display": "85.71", "missing_lines": 3, "excluded_lines": 0, "percent_statements_covered": 83.33333333333333, "percent_statements_covered_display": "83.33", "num_branches": 10, "num_partial_branches": 1, "covered_branches": 9, "missing_branches": 1, "percent_branches_covered": 90.0, "percent_branches_covered_display": "90.00"}, "missing_lines": [41, 42, 43], "excluded_lines": [], "start_line": 15, "executed_branches": [[34, 35], [34, 40], [40, 46], [46, 47], [46, 55], [47, 48], [47, 55], [49, 47], [49, 50]], "missing_branches": [[40, 41]]}, "": {"executed_lines": [7, 8, 9, 10, 12, 15], "summary": {"covered_lines": 6, "num_statements": 6, "percent_covered": 100.0, "percent_covered_display": "100.00", "missing_lines": 0, "excluded_lines": 0, "percent_statements_covered": 100.0, "percent_statements_covered_display": "100.00", "num_branches": 0, "num_partial_branches": 0, "covered_branches": 0, "missing_branches": 0, "percent_branches_covered": 100.0, "percent_branches_covered_display": "100.00"}, "missing_lines": [], "excluded_lines": [], "start_line": 1, "executed_branches": [], "missing_branches": []}}, "classes": {"": {"executed_lines": [7, 8, 9, 10, 12, 15, 31, 34, 35, 36, 37, 40, 46, 47, 48, 49, 50, 51, 52, 53, 55], "summary": {"covered_lines": 21, "num_statements": 24, "percent_covered": 88.23529411764706, "percent_covered_display": "88.24", "missing_lines": 3, "excluded_lines": 0, "percent_statements_covered": 87.5, "percent_statements_covered_display": "87.50", "num_branches": 10, "num_partial_branches": 1, "covered_branches": 9, "missing_branches": 1, "percent_branches_covered": 90.0, "percent_branches_covered_display": "90.00"}, "missing_lines": [41, 42, 43], "excluded_lines": [], "start_line": 1, "executed_branches": [[34, 35], [34, 40], [40, 46], [46, 47], [46, 55], [47, 48], [47, 55], [49, 47], [49, 50]], "missing_branches": [[40, 41]]}}}, "YSimulator/utils/__init__.py": {"executed_lines": [], "summary": {"covered_lines": 0, "num_statements": 0, "percent_covered": 100.0, "percent_covered_display": "100.00", "missing_lines": 0, "excluded_lines": 0, "percent_statements_covered": 100.0, "percent_statements_covered_display": "100.00", "num_branches": 0, "num_partial_branches": 0, "covered_branches": 0, "missing_branches": 0, "percent_branches_covered": 100.0, "percent_branches_covered_display": "100.00"}, "missing_lines": [], "excluded_lines": [], "executed_branches": [], "missing_branches": [], "functions": {"": {"executed_lines": [], "summary": {"covered_lines": 0, "num_statements": 0, "percent_covered": 100.0, "percent_covered_display": "100.00", "missing_lines": 0, "excluded_lines": 0, "percent_statements_covered": 100.0, "percent_statements_covered_display": "100.00", "num_branches": 0, "num_partial_branches": 0, "covered_branches": 0, "missing_branches": 0, "percent_branches_covered": 100.0, "percent_branches_covered_display": "100.00"}, "missing_lines": [], "excluded_lines": [], "start_line": 1, "executed_branches": [], "missing_branches": []}}, "classes": {"": {"executed_lines": [], "summary": {"covered_lines": 0, "num_statements": 0, "percent_covered": 100.0, "percent_covered_display": "100.00", "missing_lines": 0, "excluded_lines": 0, "percent_statements_covered": 100.0, "percent_statements_covered_display": "100.00", "num_branches": 0, "num_partial_branches": 0, "covered_branches": 0, "missing_branches": 0, "percent_branches_covered": 100.0, "percent_branches_covered_display": "100.00"}, "missing_lines": [], "excluded_lines": [], "start_line": 1, "executed_branches": [], "missing_branches": []}}}, "YSimulator/utils/init_db.py": {"executed_lines": [9, 10, 11, 12, 13, 15, 16, 19, 22, 94, 133, 171], "summary": {"covered_lines": 12, "num_statements": 99, "percent_covered": 9.6, "percent_covered_display": "9.60", "missing_lines": 87, "excluded_lines": 2, "percent_statements_covered": 12.121212121212121, "percent_statements_covered_display": "12.12", "num_branches": 26, "num_partial_branches": 0, "covered_branches": 0, "missing_branches": 26, "percent_branches_covered": 0.0, "percent_branches_covered_display": "0.00"}, "missing_lines": [36, 38, 39, 40, 43, 44, 46, 48, 50, 51, 52, 53, 54, 55, 56, 59, 61, 62, 66, 68, 69, 70, 71, 72, 73, 74, 77, 79, 80, 84, 87, 90, 91, 106, 108, 111, 113, 114, 119, 123, 125, 126, 127, 129, 130, 144, 146, 147, 148, 150, 151, 153, 155, 159, 160, 162, 164, 165, 166, 167, 168, 173, 176, 182, 189, 194, 195, 196, 197, 198, 201, 202, 203, 204, 205, 207, 210, 212, 213, 214, 215, 222, 223, 232, 235, 236, 238], "excluded_lines": [241, 242], "executed_branches": [], "missing_branches": [[38, 39], [38, 50], [43, 44], [43, 46], [50, 51], [50, 68], [61, 62], [61, 66], [68, 69], [68, 87], [79, 80], [79, 84], [113, 114], [113, 119], [126, 127], [126, 129], [146, 147], [146, 159], [150, 151], [150, 153], [212, 213], [212, 214], [214, 215], [214, 222], [222, 223], [222, 232]], "functions": {"create_database_engine": {"executed_lines": [], "summary": {"covered_lines": 0, "num_statements": 33, "percent_covered": 0.0, "percent_covered_display": "0.00", "missing_lines": 33, "excluded_lines": 0, "percent_statements_covered": 0.0, "percent_statements_covered_display": "0.00", "num_branches": 12, "num_partial_branches": 0, "covered_branches": 0, "missing_branches": 12, "percent_branches_covered": 0.0, "percent_branches_covered_display": "0.00"}, "missing_lines": [36, 38, 39, 40, 43, 44, 46, 48, 50, 51, 52, 53, 54, 55, 56, 59, 61, 62, 66, 68, 69, 70, 71, 72, 73, 74, 77, 79, 80, 84, 87, 90, 91], "excluded_lines": [], "start_line": 22, "executed_branches": [], "missing_branches": [[38, 39], [38, 50], [43, 44], [43, 46], [50, 51], [50, 68], [61, 62], [61, 66], [68, 69], [68, 87], [79, 80], [79, 84]]}, "initialize_database": {"executed_lines": [], "summary": {"covered_lines": 0, "num_statements": 12, "percent_covered": 0.0, "percent_covered_display": "0.00", "missing_lines": 12, "excluded_lines": 0, "percent_statements_covered": 0.0, "percent_statements_covered_display": "0.00", "num_branches": 4, "num_partial_branches": 0, "covered_branches": 0, "missing_branches": 4, "percent_branches_covered": 0.0, "percent_branches_covered_display": "0.00"}, "missing_lines": [106, 108, 111, 113, 114, 119, 123, 125, 126, 127, 129, 130], "excluded_lines": [], "start_line": 94, "executed_branches": [], "missing_branches": [[113, 114], [113, 119], [126, 127], [126, 129]]}, "database_exists": {"executed_lines": [], "summary": {"covered_lines": 0, "num_statements": 16, "percent_covered": 0.0, "percent_covered_display": "0.00", "missing_lines": 16, "excluded_lines": 0, "percent_statements_covered": 0.0, "percent_statements_covered_display": "0.00", "num_branches": 4, "num_partial_branches": 0, "covered_branches": 0, "missing_branches": 4, "percent_branches_covered": 0.0, "percent_branches_covered_display": "0.00"}, "missing_lines": [144, 146, 147, 148, 150, 151, 153, 155, 159, 160, 162, 164, 165, 166, 167, 168], "excluded_lines": [], "start_line": 133, "executed_branches": [], "missing_branches": [[146, 147], [146, 159], [150, 151], [150, 153]]}, "main": {"executed_lines": [], "summary": {"covered_lines": 0, "num_statements": 26, "percent_covered": 0.0, "percent_covered_display": "0.00", "missing_lines": 26, "excluded_lines": 0, "percent_statements_covered": 0.0, "percent_statements_covered_display": "0.00", "num_branches": 6, "num_partial_branches": 0, "covered_branches": 0, "missing_branches": 6, "percent_branches_covered": 0.0, "percent_branches_covered_display": "0.00"}, "missing_lines": [173, 176, 182, 189, 194, 195, 196, 197, 198, 201, 202, 203, 204, 205, 207, 210, 212, 213, 214, 215, 222, 223, 232, 235, 236, 238], "excluded_lines": [], "start_line": 171, "executed_branches": [], "missing_branches": [[212, 213], [212, 214], [214, 215], [214, 222], [222, 223], [222, 232]]}, "": {"executed_lines": [9, 10, 11, 12, 13, 15, 16, 19, 22, 94, 133, 171], "summary": {"covered_lines": 12, "num_statements": 12, "percent_covered": 100.0, "percent_covered_display": "100.00", "missing_lines": 0, "excluded_lines": 2, "percent_statements_covered": 100.0, "percent_statements_covered_display": "100.00", "num_branches": 0, "num_partial_branches": 0, "covered_branches": 0, "missing_branches": 0, "percent_branches_covered": 100.0, "percent_branches_covered_display": "100.00"}, "missing_lines": [], "excluded_lines": [241, 242], "start_line": 1, "executed_branches": [], "missing_branches": []}}, "classes": {"": {"executed_lines": [9, 10, 11, 12, 13, 15, 16, 19, 22, 94, 133, 171], "summary": {"covered_lines": 12, "num_statements": 99, "percent_covered": 9.6, "percent_covered_display": "9.60", "missing_lines": 87, "excluded_lines": 2, "percent_statements_covered": 12.121212121212121, "percent_statements_covered_display": "12.12", "num_branches": 26, "num_partial_branches": 0, "covered_branches": 0, "missing_branches": 26, "percent_branches_covered": 0.0, "percent_branches_covered_display": "0.00"}, "missing_lines": [36, 38, 39, 40, 43, 44, 46, 48, 50, 51, 52, 53, 54, 55, 56, 59, 61, 62, 66, 68, 69, 70, 71, 72, 73, 74, 77, 79, 80, 84, 87, 90, 91, 106, 108, 111, 113, 114, 119, 123, 125, 126, 127, 129, 130, 144, 146, 147, 148, 150, 151, 153, 155, 159, 160, 162, 164, 165, 166, 167, 168, 173, 176, 182, 189, 194, 195, 196, 197, 198, 201, 202, 203, 204, 205, 207, 210, 212, 213, 214, 215, 222, 223, 232, 235, 236, 238], "excluded_lines": [241, 242], "start_line": 1, "executed_branches": [], "missing_branches": [[38, 39], [38, 50], [43, 44], [43, 46], [50, 51], [50, 68], [61, 62], [61, 66], [68, 69], [68, 87], [79, 80], [79, 84], [113, 114], [113, 119], [126, 127], [126, 129], [146, 147], [146, 159], [150, 151], [150, 153], [212, 213], [212, 214], [214, 215], [214, 222], [222, 223], [222, 232]]}}}}, "totals": {"covered_lines": 1265, "num_statements": 6153, "percent_covered": 16.529433452132235, "percent_covered_display": "16.53", "missing_lines": 4888, "excluded_lines": 2, "percent_statements_covered": 20.559076873070047, "percent_statements_covered_display": "20.56", "num_branches": 1984, "num_partial_branches": 30, "covered_branches": 80, "missing_branches": 1904, "percent_branches_covered": 4.032258064516129, "percent_branches_covered_display": "4.03"}}